2023-04-22 00:23:45,308 INFO PERFORMANCE:|serviceCount|ipCount|subscribeCount|maxPushCost|avgPushCost|totalPushCount|failPushCount

2023-04-22 00:23:45,310 INFO DISTRO:|V1SyncDone|V1SyncFail|V2SyncDone|V2SyncFail|V2VerifyFail|

2023-04-22 00:23:45,310 INFO PERFORMANCE:|2|2|1|632|632|1|0

2023-04-22 00:23:45,310 INFO Task worker status: 
naming_0%8, pending tasks: 0
naming_1%8, pending tasks: 0
naming_2%8, pending tasks: 0
naming_3%8, pending tasks: 0
naming_4%8, pending tasks: 0
naming_5%8, pending tasks: 0
naming_6%8, pending tasks: 0
naming_7%8, pending tasks: 0


2023-04-22 00:23:45,311 INFO DISTRO:|0|0|0|

2023-04-22 00:24:45,313 INFO PERFORMANCE:|12|12|19|621|573|19|0

2023-04-22 00:24:45,313 INFO Task worker status: 
naming_0%8, pending tasks: 0
naming_1%8, pending tasks: 0
naming_2%8, pending tasks: 0
naming_3%8, pending tasks: 0
naming_4%8, pending tasks: 0
naming_5%8, pending tasks: 0
naming_6%8, pending tasks: 0
naming_7%8, pending tasks: 0


2023-04-22 00:24:45,313 INFO DISTRO:|0|0|0|

2023-04-22 00:25:45,315 INFO PERFORMANCE:|36|36|63|600|556|63|0

2023-04-22 00:25:45,315 INFO Task worker status: 
naming_0%8, pending tasks: 0
naming_1%8, pending tasks: 0
naming_2%8, pending tasks: 0
naming_3%8, pending tasks: 0
naming_4%8, pending tasks: 0
naming_5%8, pending tasks: 0
naming_6%8, pending tasks: 0
naming_7%8, pending tasks: 0


2023-04-22 00:25:45,315 INFO DISTRO:|0|0|0|

2023-04-22 00:26:45,315 INFO PERFORMANCE:|36|36|63|-1|-1|63|0

2023-04-22 00:26:45,315 INFO Task worker status: 
naming_0%8, pending tasks: 0
naming_1%8, pending tasks: 0
naming_2%8, pending tasks: 0
naming_3%8, pending tasks: 0
naming_4%8, pending tasks: 0
naming_5%8, pending tasks: 0
naming_6%8, pending tasks: 0
naming_7%8, pending tasks: 0


2023-04-22 00:26:45,315 INFO DISTRO:|0|0|0|

2023-04-22 00:27:45,316 INFO PERFORMANCE:|44|44|78|595|562|78|0

2023-04-22 00:27:45,316 INFO Task worker status: 
naming_0%8, pending tasks: 0
naming_1%8, pending tasks: 0
naming_2%8, pending tasks: 0
naming_3%8, pending tasks: 0
naming_4%8, pending tasks: 0
naming_5%8, pending tasks: 0
naming_6%8, pending tasks: 0
naming_7%8, pending tasks: 0


2023-04-22 00:27:45,316 INFO DISTRO:|0|0|0|

2023-04-22 00:28:45,317 INFO PERFORMANCE:|54|60|173|1039|559|385|2

2023-04-22 00:28:45,317 INFO Task worker status: 
naming_0%8, pending tasks: 0
naming_1%8, pending tasks: 0
naming_2%8, pending tasks: 0
naming_3%8, pending tasks: 0
naming_4%8, pending tasks: 0
naming_5%8, pending tasks: 0
naming_6%8, pending tasks: 0
naming_7%8, pending tasks: 0


2023-04-22 00:28:45,317 INFO DISTRO:|0|0|0|

2023-04-22 00:29:45,318 INFO PERFORMANCE:|54|60|173|-1|-1|385|2

2023-04-22 00:29:45,318 INFO Task worker status: 
naming_0%8, pending tasks: 0
naming_1%8, pending tasks: 0
naming_2%8, pending tasks: 0
naming_3%8, pending tasks: 0
naming_4%8, pending tasks: 0
naming_5%8, pending tasks: 0
naming_6%8, pending tasks: 0
naming_7%8, pending tasks: 0


2023-04-22 00:29:45,318 INFO DISTRO:|0|0|0|

2023-04-22 00:30:45,319 INFO PERFORMANCE:|64|94|400|799|556|656|2

2023-04-22 00:30:45,319 INFO Task worker status: 
naming_0%8, pending tasks: 0
naming_1%8, pending tasks: 0
naming_2%8, pending tasks: 0
naming_3%8, pending tasks: 0
naming_4%8, pending tasks: 0
naming_5%8, pending tasks: 0
naming_6%8, pending tasks: 0
naming_7%8, pending tasks: 0


2023-04-22 00:30:45,319 INFO DISTRO:|0|0|0|

2023-04-22 00:31:45,319 INFO PERFORMANCE:|64|94|400|-1|-1|656|2

2023-04-22 00:31:45,319 INFO Task worker status: 
naming_0%8, pending tasks: 0
naming_1%8, pending tasks: 0
naming_2%8, pending tasks: 0
naming_3%8, pending tasks: 0
naming_4%8, pending tasks: 0
naming_5%8, pending tasks: 0
naming_6%8, pending tasks: 0
naming_7%8, pending tasks: 0


2023-04-22 00:31:45,319 INFO DISTRO:|0|0|0|

2023-04-22 00:32:45,320 INFO PERFORMANCE:|65|99|418|603|560|690|2

2023-04-22 00:32:45,320 INFO Task worker status: 
naming_0%8, pending tasks: 0
naming_1%8, pending tasks: 0
naming_2%8, pending tasks: 0
naming_3%8, pending tasks: 0
naming_4%8, pending tasks: 0
naming_5%8, pending tasks: 0
naming_6%8, pending tasks: 0
naming_7%8, pending tasks: 0


2023-04-22 00:32:45,320 INFO DISTRO:|0|0|0|

2023-04-22 00:33:45,321 INFO PERFORMANCE:|serviceCount|ipCount|subscribeCount|maxPushCost|avgPushCost|totalPushCount|failPushCount

2023-04-22 00:33:45,321 INFO DISTRO:|V1SyncDone|V1SyncFail|V2SyncDone|V2SyncFail|V2VerifyFail|

2023-04-22 00:33:45,321 INFO PERFORMANCE:|65|99|418|-1|-1|690|2

2023-04-22 00:33:45,321 INFO Task worker status: 
naming_0%8, pending tasks: 0
naming_1%8, pending tasks: 0
naming_2%8, pending tasks: 0
naming_3%8, pending tasks: 0
naming_4%8, pending tasks: 0
naming_5%8, pending tasks: 0
naming_6%8, pending tasks: 0
naming_7%8, pending tasks: 0


2023-04-22 00:33:45,321 INFO DISTRO:|0|0|0|

2023-04-22 00:34:45,322 INFO PERFORMANCE:|65|99|418|-1|-1|690|2

2023-04-22 00:34:45,322 INFO Task worker status: 
naming_0%8, pending tasks: 0
naming_1%8, pending tasks: 0
naming_2%8, pending tasks: 0
naming_3%8, pending tasks: 0
naming_4%8, pending tasks: 0
naming_5%8, pending tasks: 0
naming_6%8, pending tasks: 0
naming_7%8, pending tasks: 0


2023-04-22 00:34:45,322 INFO DISTRO:|0|0|0|

2023-04-22 00:35:45,323 INFO PERFORMANCE:|65|99|418|-1|-1|690|2

2023-04-22 00:35:45,323 INFO Task worker status: 
naming_0%8, pending tasks: 0
naming_1%8, pending tasks: 0
naming_2%8, pending tasks: 0
naming_3%8, pending tasks: 0
naming_4%8, pending tasks: 0
naming_5%8, pending tasks: 0
naming_6%8, pending tasks: 0
naming_7%8, pending tasks: 0


2023-04-22 00:35:45,323 INFO DISTRO:|0|0|0|

2023-04-22 00:36:45,323 INFO PERFORMANCE:|65|99|418|610|553|770|2

2023-04-22 00:36:45,323 INFO Task worker status: 
naming_0%8, pending tasks: 0
naming_1%8, pending tasks: 0
naming_2%8, pending tasks: 0
naming_3%8, pending tasks: 0
naming_4%8, pending tasks: 0
naming_5%8, pending tasks: 0
naming_6%8, pending tasks: 0
naming_7%8, pending tasks: 0


2023-04-22 00:36:45,323 INFO DISTRO:|0|0|0|

2023-04-22 00:37:45,324 INFO PERFORMANCE:|65|99|418|654|575|878|2

2023-04-22 00:37:45,324 INFO Task worker status: 
naming_0%8, pending tasks: 0
naming_1%8, pending tasks: 0
naming_2%8, pending tasks: 0
naming_3%8, pending tasks: 0
naming_4%8, pending tasks: 0
naming_5%8, pending tasks: 0
naming_6%8, pending tasks: 0
naming_7%8, pending tasks: 0


2023-04-22 00:37:45,324 INFO DISTRO:|0|0|0|

2023-04-22 00:38:45,325 INFO PERFORMANCE:|65|99|418|-1|-1|878|2

2023-04-22 00:38:45,325 INFO Task worker status: 
naming_0%8, pending tasks: 0
naming_1%8, pending tasks: 0
naming_2%8, pending tasks: 0
naming_3%8, pending tasks: 0
naming_4%8, pending tasks: 0
naming_5%8, pending tasks: 0
naming_6%8, pending tasks: 0
naming_7%8, pending tasks: 0


2023-04-22 00:38:45,325 INFO DISTRO:|0|0|0|

2023-04-22 00:39:45,326 INFO PERFORMANCE:|65|99|418|-1|-1|878|2

2023-04-22 00:39:45,326 INFO Task worker status: 
naming_0%8, pending tasks: 0
naming_1%8, pending tasks: 0
naming_2%8, pending tasks: 0
naming_3%8, pending tasks: 0
naming_4%8, pending tasks: 0
naming_5%8, pending tasks: 0
naming_6%8, pending tasks: 0
naming_7%8, pending tasks: 0


2023-04-22 00:39:45,326 INFO DISTRO:|0|0|0|

2023-04-22 00:40:45,326 INFO PERFORMANCE:|65|99|418|-1|-1|878|2

2023-04-22 00:40:45,326 INFO Task worker status: 
naming_0%8, pending tasks: 0
naming_1%8, pending tasks: 0
naming_2%8, pending tasks: 0
naming_3%8, pending tasks: 0
naming_4%8, pending tasks: 0
naming_5%8, pending tasks: 0
naming_6%8, pending tasks: 0
naming_7%8, pending tasks: 0


2023-04-22 00:40:45,326 INFO DISTRO:|0|0|0|

2023-04-22 00:41:45,328 INFO PERFORMANCE:|65|99|418|-1|-1|878|2

2023-04-22 00:41:45,328 INFO Task worker status: 
naming_0%8, pending tasks: 0
naming_1%8, pending tasks: 0
naming_2%8, pending tasks: 0
naming_3%8, pending tasks: 0
naming_4%8, pending tasks: 0
naming_5%8, pending tasks: 0
naming_6%8, pending tasks: 0
naming_7%8, pending tasks: 0


2023-04-22 00:41:45,328 INFO DISTRO:|0|0|0|

2023-04-22 00:42:45,329 INFO PERFORMANCE:|65|99|418|-1|-1|878|2

2023-04-22 00:42:45,329 INFO Task worker status: 
naming_0%8, pending tasks: 0
naming_1%8, pending tasks: 0
naming_2%8, pending tasks: 0
naming_3%8, pending tasks: 0
naming_4%8, pending tasks: 0
naming_5%8, pending tasks: 0
naming_6%8, pending tasks: 0
naming_7%8, pending tasks: 0


2023-04-22 00:42:45,329 INFO DISTRO:|0|0|0|

2023-04-22 00:43:45,330 INFO PERFORMANCE:|serviceCount|ipCount|subscribeCount|maxPushCost|avgPushCost|totalPushCount|failPushCount

2023-04-22 00:43:45,330 INFO DISTRO:|V1SyncDone|V1SyncFail|V2SyncDone|V2SyncFail|V2VerifyFail|

2023-04-22 00:43:45,330 INFO PERFORMANCE:|65|99|418|-1|-1|878|2

2023-04-22 00:43:45,330 INFO Task worker status: 
naming_0%8, pending tasks: 0
naming_1%8, pending tasks: 0
naming_2%8, pending tasks: 0
naming_3%8, pending tasks: 0
naming_4%8, pending tasks: 0
naming_5%8, pending tasks: 0
naming_6%8, pending tasks: 0
naming_7%8, pending tasks: 0


2023-04-22 00:43:45,330 INFO DISTRO:|0|0|0|

2023-04-22 00:44:45,330 INFO PERFORMANCE:|65|12|60|1013|578|1343|2

2023-04-22 00:44:45,330 INFO Task worker status: 
naming_0%8, pending tasks: 0
naming_1%8, pending tasks: 0
naming_2%8, pending tasks: 0
naming_3%8, pending tasks: 0
naming_4%8, pending tasks: 0
naming_5%8, pending tasks: 0
naming_6%8, pending tasks: 0
naming_7%8, pending tasks: 0


2023-04-22 00:44:45,330 INFO DISTRO:|0|0|0|

2023-04-22 00:45:45,331 INFO PERFORMANCE:|65|62|120|1023|574|1716|2

2023-04-22 00:45:45,331 INFO Task worker status: 
naming_0%8, pending tasks: 0
naming_1%8, pending tasks: 0
naming_2%8, pending tasks: 0
naming_3%8, pending tasks: 0
naming_4%8, pending tasks: 0
naming_5%8, pending tasks: 0
naming_6%8, pending tasks: 0
naming_7%8, pending tasks: 0


2023-04-22 00:45:45,331 INFO DISTRO:|0|0|0|

2023-04-22 00:46:45,333 INFO PERFORMANCE:|65|62|120|-1|-1|1716|2

2023-04-22 00:46:45,333 INFO Task worker status: 
naming_0%8, pending tasks: 0
naming_1%8, pending tasks: 0
naming_2%8, pending tasks: 0
naming_3%8, pending tasks: 0
naming_4%8, pending tasks: 0
naming_5%8, pending tasks: 0
naming_6%8, pending tasks: 0
naming_7%8, pending tasks: 0


2023-04-22 00:46:45,333 INFO DISTRO:|0|0|0|

2023-04-22 00:47:45,334 INFO PERFORMANCE:|56|20|43|654|583|1760|2

2023-04-22 00:47:45,334 INFO Task worker status: 
naming_0%8, pending tasks: 0
naming_1%8, pending tasks: 0
naming_2%8, pending tasks: 0
naming_3%8, pending tasks: 0
naming_4%8, pending tasks: 0
naming_5%8, pending tasks: 0
naming_6%8, pending tasks: 0
naming_7%8, pending tasks: 0


2023-04-22 00:47:45,334 INFO DISTRO:|0|0|0|

2023-04-22 00:48:45,334 INFO PERFORMANCE:|56|62|120|614|558|1847|2

2023-04-22 00:48:45,334 INFO Task worker status: 
naming_0%8, pending tasks: 0
naming_1%8, pending tasks: 0
naming_2%8, pending tasks: 0
naming_3%8, pending tasks: 0
naming_4%8, pending tasks: 0
naming_5%8, pending tasks: 0
naming_6%8, pending tasks: 0
naming_7%8, pending tasks: 0


2023-04-22 00:48:45,334 INFO DISTRO:|0|0|0|

2023-04-22 00:49:45,335 INFO PERFORMANCE:|56|62|120|-1|-1|1847|2

2023-04-22 00:49:45,335 INFO Task worker status: 
naming_0%8, pending tasks: 0
naming_1%8, pending tasks: 0
naming_2%8, pending tasks: 0
naming_3%8, pending tasks: 0
naming_4%8, pending tasks: 0
naming_5%8, pending tasks: 0
naming_6%8, pending tasks: 0
naming_7%8, pending tasks: 0


2023-04-22 00:49:45,335 INFO DISTRO:|0|0|0|

2023-04-22 00:50:45,337 INFO PERFORMANCE:|56|62|120|598|559|1875|2

2023-04-22 00:50:45,337 INFO Task worker status: 
naming_0%8, pending tasks: 0
naming_1%8, pending tasks: 0
naming_2%8, pending tasks: 0
naming_3%8, pending tasks: 0
naming_4%8, pending tasks: 0
naming_5%8, pending tasks: 0
naming_6%8, pending tasks: 0
naming_7%8, pending tasks: 0


2023-04-22 00:50:45,337 INFO DISTRO:|0|0|0|

2023-04-22 00:51:45,337 INFO PERFORMANCE:|64|81|312|1038|563|2238|4

2023-04-22 00:51:45,338 INFO Task worker status: 
naming_0%8, pending tasks: 0
naming_1%8, pending tasks: 0
naming_2%8, pending tasks: 0
naming_3%8, pending tasks: 0
naming_4%8, pending tasks: 0
naming_5%8, pending tasks: 0
naming_6%8, pending tasks: 0
naming_7%8, pending tasks: 0


2023-04-22 00:51:45,338 INFO DISTRO:|0|0|0|

2023-04-22 00:52:45,338 INFO PERFORMANCE:|64|81|312|-1|-1|2238|4

2023-04-22 00:52:45,338 INFO Task worker status: 
naming_0%8, pending tasks: 0
naming_1%8, pending tasks: 0
naming_2%8, pending tasks: 0
naming_3%8, pending tasks: 0
naming_4%8, pending tasks: 0
naming_5%8, pending tasks: 0
naming_6%8, pending tasks: 0
naming_7%8, pending tasks: 0


2023-04-22 00:52:45,338 INFO DISTRO:|0|0|0|

2023-04-22 00:53:45,339 INFO PERFORMANCE:|serviceCount|ipCount|subscribeCount|maxPushCost|avgPushCost|totalPushCount|failPushCount

2023-04-22 00:53:45,339 INFO DISTRO:|V1SyncDone|V1SyncFail|V2SyncDone|V2SyncFail|V2VerifyFail|

2023-04-22 00:53:45,339 INFO PERFORMANCE:|64|91|375|623|557|2324|4

2023-04-22 00:53:45,339 INFO Task worker status: 
naming_0%8, pending tasks: 0
naming_1%8, pending tasks: 0
naming_2%8, pending tasks: 0
naming_3%8, pending tasks: 0
naming_4%8, pending tasks: 0
naming_5%8, pending tasks: 0
naming_6%8, pending tasks: 0
naming_7%8, pending tasks: 0


2023-04-22 00:53:45,339 INFO DISTRO:|0|0|0|

2023-04-22 00:54:45,340 INFO PERFORMANCE:|64|91|375|-1|-1|2324|4

2023-04-22 00:54:45,340 INFO Task worker status: 
naming_0%8, pending tasks: 0
naming_1%8, pending tasks: 0
naming_2%8, pending tasks: 0
naming_3%8, pending tasks: 0
naming_4%8, pending tasks: 0
naming_5%8, pending tasks: 0
naming_6%8, pending tasks: 0
naming_7%8, pending tasks: 0


2023-04-22 00:54:45,340 INFO DISTRO:|0|0|0|

2023-04-22 00:55:45,340 INFO PERFORMANCE:|64|91|375|-1|-1|2324|4

2023-04-22 00:55:45,340 INFO Task worker status: 
naming_0%8, pending tasks: 0
naming_1%8, pending tasks: 0
naming_2%8, pending tasks: 0
naming_3%8, pending tasks: 0
naming_4%8, pending tasks: 0
naming_5%8, pending tasks: 0
naming_6%8, pending tasks: 0
naming_7%8, pending tasks: 0


2023-04-22 00:55:45,340 INFO DISTRO:|0|0|0|

2023-04-22 00:56:45,341 INFO PERFORMANCE:|64|91|375|-1|-1|2324|4

2023-04-22 00:56:45,341 INFO Task worker status: 
naming_0%8, pending tasks: 0
naming_1%8, pending tasks: 0
naming_2%8, pending tasks: 0
naming_3%8, pending tasks: 0
naming_4%8, pending tasks: 0
naming_5%8, pending tasks: 0
naming_6%8, pending tasks: 0
naming_7%8, pending tasks: 0


2023-04-22 00:56:45,341 INFO DISTRO:|0|0|0|

2023-04-22 00:57:45,342 INFO PERFORMANCE:|64|91|375|-1|-1|2324|4

2023-04-22 00:57:45,342 INFO Task worker status: 
naming_0%8, pending tasks: 0
naming_1%8, pending tasks: 0
naming_2%8, pending tasks: 0
naming_3%8, pending tasks: 0
naming_4%8, pending tasks: 0
naming_5%8, pending tasks: 0
naming_6%8, pending tasks: 0
naming_7%8, pending tasks: 0


2023-04-22 00:57:45,342 INFO DISTRO:|0|0|0|

2023-04-22 00:58:45,343 INFO PERFORMANCE:|64|91|375|-1|-1|2324|4

2023-04-22 00:58:45,343 INFO Task worker status: 
naming_0%8, pending tasks: 0
naming_1%8, pending tasks: 0
naming_2%8, pending tasks: 0
naming_3%8, pending tasks: 0
naming_4%8, pending tasks: 0
naming_5%8, pending tasks: 0
naming_6%8, pending tasks: 0
naming_7%8, pending tasks: 0


2023-04-22 00:58:45,343 INFO DISTRO:|0|0|0|

2023-04-22 00:59:45,344 INFO PERFORMANCE:|64|91|375|-1|-1|2324|4

2023-04-22 00:59:45,344 INFO Task worker status: 
naming_0%8, pending tasks: 0
naming_1%8, pending tasks: 0
naming_2%8, pending tasks: 0
naming_3%8, pending tasks: 0
naming_4%8, pending tasks: 0
naming_5%8, pending tasks: 0
naming_6%8, pending tasks: 0
naming_7%8, pending tasks: 0


2023-04-22 00:59:45,344 INFO DISTRO:|0|0|0|

2023-04-22 01:00:45,345 INFO PERFORMANCE:|64|91|375|-1|-1|2324|4

2023-04-22 01:00:45,345 INFO Task worker status: 
naming_0%8, pending tasks: 0
naming_1%8, pending tasks: 0
naming_2%8, pending tasks: 0
naming_3%8, pending tasks: 0
naming_4%8, pending tasks: 0
naming_5%8, pending tasks: 0
naming_6%8, pending tasks: 0
naming_7%8, pending tasks: 0


2023-04-22 01:00:45,345 INFO DISTRO:|0|0|0|

2023-04-22 01:01:45,345 INFO PERFORMANCE:|64|91|375|-1|-1|2324|4

2023-04-22 01:01:45,345 INFO Task worker status: 
naming_0%8, pending tasks: 0
naming_1%8, pending tasks: 0
naming_2%8, pending tasks: 0
naming_3%8, pending tasks: 0
naming_4%8, pending tasks: 0
naming_5%8, pending tasks: 0
naming_6%8, pending tasks: 0
naming_7%8, pending tasks: 0


2023-04-22 01:01:45,345 INFO DISTRO:|0|0|0|

2023-04-22 01:02:45,345 INFO PERFORMANCE:|64|91|375|-1|-1|2324|4

2023-04-22 01:02:45,345 INFO Task worker status: 
naming_0%8, pending tasks: 0
naming_1%8, pending tasks: 0
naming_2%8, pending tasks: 0
naming_3%8, pending tasks: 0
naming_4%8, pending tasks: 0
naming_5%8, pending tasks: 0
naming_6%8, pending tasks: 0
naming_7%8, pending tasks: 0


2023-04-22 01:02:45,345 INFO DISTRO:|0|0|0|

2023-04-22 01:03:45,346 INFO PERFORMANCE:|serviceCount|ipCount|subscribeCount|maxPushCost|avgPushCost|totalPushCount|failPushCount

2023-04-22 01:03:45,347 INFO DISTRO:|V1SyncDone|V1SyncFail|V2SyncDone|V2SyncFail|V2VerifyFail|

2023-04-22 01:03:45,347 INFO PERFORMANCE:|64|91|375|-1|-1|2324|4

2023-04-22 01:03:45,347 INFO Task worker status: 
naming_0%8, pending tasks: 0
naming_1%8, pending tasks: 0
naming_2%8, pending tasks: 0
naming_3%8, pending tasks: 0
naming_4%8, pending tasks: 0
naming_5%8, pending tasks: 0
naming_6%8, pending tasks: 0
naming_7%8, pending tasks: 0


2023-04-22 01:03:45,347 INFO DISTRO:|0|0|0|

2023-04-22 01:04:45,347 INFO PERFORMANCE:|64|91|375|-1|-1|2324|4

2023-04-22 01:04:45,347 INFO Task worker status: 
naming_0%8, pending tasks: 0
naming_1%8, pending tasks: 0
naming_2%8, pending tasks: 0
naming_3%8, pending tasks: 0
naming_4%8, pending tasks: 0
naming_5%8, pending tasks: 0
naming_6%8, pending tasks: 0
naming_7%8, pending tasks: 0


2023-04-22 01:04:45,347 INFO DISTRO:|0|0|0|

2023-04-22 01:05:45,348 INFO PERFORMANCE:|64|91|375|-1|-1|2324|4

2023-04-22 01:05:45,348 INFO Task worker status: 
naming_0%8, pending tasks: 0
naming_1%8, pending tasks: 0
naming_2%8, pending tasks: 0
naming_3%8, pending tasks: 0
naming_4%8, pending tasks: 0
naming_5%8, pending tasks: 0
naming_6%8, pending tasks: 0
naming_7%8, pending tasks: 0


2023-04-22 01:05:45,348 INFO DISTRO:|0|0|0|

2023-04-22 01:06:45,349 INFO PERFORMANCE:|64|91|375|-1|-1|2324|4

2023-04-22 01:06:45,349 INFO Task worker status: 
naming_0%8, pending tasks: 0
naming_1%8, pending tasks: 0
naming_2%8, pending tasks: 0
naming_3%8, pending tasks: 0
naming_4%8, pending tasks: 0
naming_5%8, pending tasks: 0
naming_6%8, pending tasks: 0
naming_7%8, pending tasks: 0


2023-04-22 01:06:45,349 INFO DISTRO:|0|0|0|

2023-04-22 01:07:45,350 INFO PERFORMANCE:|64|91|375|-1|-1|2324|4

2023-04-22 01:07:45,351 INFO Task worker status: 
naming_0%8, pending tasks: 0
naming_1%8, pending tasks: 0
naming_2%8, pending tasks: 0
naming_3%8, pending tasks: 0
naming_4%8, pending tasks: 0
naming_5%8, pending tasks: 0
naming_6%8, pending tasks: 0
naming_7%8, pending tasks: 0


2023-04-22 01:07:45,351 INFO DISTRO:|0|0|0|

2023-04-22 01:08:45,351 INFO PERFORMANCE:|64|91|375|-1|-1|2324|4

2023-04-22 01:08:45,351 INFO Task worker status: 
naming_0%8, pending tasks: 0
naming_1%8, pending tasks: 0
naming_2%8, pending tasks: 0
naming_3%8, pending tasks: 0
naming_4%8, pending tasks: 0
naming_5%8, pending tasks: 0
naming_6%8, pending tasks: 0
naming_7%8, pending tasks: 0


2023-04-22 01:08:45,351 INFO DISTRO:|0|0|0|

2023-04-22 01:09:45,352 INFO PERFORMANCE:|64|91|375|-1|-1|2324|4

2023-04-22 01:09:45,352 INFO Task worker status: 
naming_0%8, pending tasks: 0
naming_1%8, pending tasks: 0
naming_2%8, pending tasks: 0
naming_3%8, pending tasks: 0
naming_4%8, pending tasks: 0
naming_5%8, pending tasks: 0
naming_6%8, pending tasks: 0
naming_7%8, pending tasks: 0


2023-04-22 01:09:45,352 INFO DISTRO:|0|0|0|

2023-04-22 01:10:45,352 INFO PERFORMANCE:|64|91|375|-1|-1|2324|4

2023-04-22 01:10:45,353 INFO Task worker status: 
naming_0%8, pending tasks: 0
naming_1%8, pending tasks: 0
naming_2%8, pending tasks: 0
naming_3%8, pending tasks: 0
naming_4%8, pending tasks: 0
naming_5%8, pending tasks: 0
naming_6%8, pending tasks: 0
naming_7%8, pending tasks: 0


2023-04-22 01:10:45,353 INFO DISTRO:|0|0|0|

2023-04-22 01:11:45,353 INFO PERFORMANCE:|64|91|375|-1|-1|2324|4

2023-04-22 01:11:45,353 INFO Task worker status: 
naming_0%8, pending tasks: 0
naming_1%8, pending tasks: 0
naming_2%8, pending tasks: 0
naming_3%8, pending tasks: 0
naming_4%8, pending tasks: 0
naming_5%8, pending tasks: 0
naming_6%8, pending tasks: 0
naming_7%8, pending tasks: 0


2023-04-22 01:11:45,353 INFO DISTRO:|0|0|0|

2023-04-22 01:12:45,354 INFO PERFORMANCE:|64|91|375|-1|-1|2324|4

2023-04-22 01:12:45,354 INFO Task worker status: 
naming_0%8, pending tasks: 0
naming_1%8, pending tasks: 0
naming_2%8, pending tasks: 0
naming_3%8, pending tasks: 0
naming_4%8, pending tasks: 0
naming_5%8, pending tasks: 0
naming_6%8, pending tasks: 0
naming_7%8, pending tasks: 0


2023-04-22 01:12:45,354 INFO DISTRO:|0|0|0|

2023-04-22 01:13:45,354 INFO PERFORMANCE:|serviceCount|ipCount|subscribeCount|maxPushCost|avgPushCost|totalPushCount|failPushCount

2023-04-22 01:13:45,354 INFO DISTRO:|V1SyncDone|V1SyncFail|V2SyncDone|V2SyncFail|V2VerifyFail|

2023-04-22 01:13:45,354 INFO PERFORMANCE:|64|91|375|-1|-1|2324|4

2023-04-22 01:13:45,354 INFO Task worker status: 
naming_0%8, pending tasks: 0
naming_1%8, pending tasks: 0
naming_2%8, pending tasks: 0
naming_3%8, pending tasks: 0
naming_4%8, pending tasks: 0
naming_5%8, pending tasks: 0
naming_6%8, pending tasks: 0
naming_7%8, pending tasks: 0


2023-04-22 01:13:45,354 INFO DISTRO:|0|0|0|

2023-04-22 01:14:45,355 INFO PERFORMANCE:|64|91|375|-1|-1|2324|4

2023-04-22 01:14:45,355 INFO Task worker status: 
naming_0%8, pending tasks: 0
naming_1%8, pending tasks: 0
naming_2%8, pending tasks: 0
naming_3%8, pending tasks: 0
naming_4%8, pending tasks: 0
naming_5%8, pending tasks: 0
naming_6%8, pending tasks: 0
naming_7%8, pending tasks: 0


2023-04-22 01:14:45,355 INFO DISTRO:|0|0|0|

2023-04-22 01:15:45,356 INFO PERFORMANCE:|64|91|375|-1|-1|2324|4

2023-04-22 01:15:45,356 INFO Task worker status: 
naming_0%8, pending tasks: 0
naming_1%8, pending tasks: 0
naming_2%8, pending tasks: 0
naming_3%8, pending tasks: 0
naming_4%8, pending tasks: 0
naming_5%8, pending tasks: 0
naming_6%8, pending tasks: 0
naming_7%8, pending tasks: 0


2023-04-22 01:15:45,356 INFO DISTRO:|0|0|0|

2023-04-22 01:16:45,357 INFO PERFORMANCE:|64|91|375|-1|-1|2324|4

2023-04-22 01:16:45,357 INFO Task worker status: 
naming_0%8, pending tasks: 0
naming_1%8, pending tasks: 0
naming_2%8, pending tasks: 0
naming_3%8, pending tasks: 0
naming_4%8, pending tasks: 0
naming_5%8, pending tasks: 0
naming_6%8, pending tasks: 0
naming_7%8, pending tasks: 0


2023-04-22 01:16:45,357 INFO DISTRO:|0|0|0|

2023-04-22 01:17:45,358 INFO PERFORMANCE:|65|4|47|825|592|2748|6

2023-04-22 01:17:45,358 INFO Task worker status: 
naming_0%8, pending tasks: 0
naming_1%8, pending tasks: 0
naming_2%8, pending tasks: 0
naming_3%8, pending tasks: 0
naming_4%8, pending tasks: 0
naming_5%8, pending tasks: 0
naming_6%8, pending tasks: 0
naming_7%8, pending tasks: 0


2023-04-22 01:17:45,358 INFO DISTRO:|0|0|0|

2023-04-22 01:18:45,358 INFO PERFORMANCE:|65|55|99|1060|571|2983|7

2023-04-22 01:18:45,358 INFO Task worker status: 
naming_0%8, pending tasks: 0
naming_1%8, pending tasks: 0
naming_2%8, pending tasks: 0
naming_3%8, pending tasks: 0
naming_4%8, pending tasks: 0
naming_5%8, pending tasks: 0
naming_6%8, pending tasks: 0
naming_7%8, pending tasks: 0


2023-04-22 01:18:45,358 INFO DISTRO:|0|0|0|

2023-04-22 01:19:45,359 INFO PERFORMANCE:|64|47|83|600|584|2995|7

2023-04-22 01:19:45,359 INFO Task worker status: 
naming_0%8, pending tasks: 0
naming_1%8, pending tasks: 0
naming_2%8, pending tasks: 0
naming_3%8, pending tasks: 0
naming_4%8, pending tasks: 0
naming_5%8, pending tasks: 0
naming_6%8, pending tasks: 0
naming_7%8, pending tasks: 0


2023-04-22 01:19:45,359 INFO DISTRO:|0|0|0|

2023-04-22 01:20:45,363 INFO PERFORMANCE:|65|89|355|1035|565|3431|9

2023-04-22 01:20:45,363 INFO Task worker status: 
naming_0%8, pending tasks: 0
naming_1%8, pending tasks: 0
naming_2%8, pending tasks: 0
naming_3%8, pending tasks: 0
naming_4%8, pending tasks: 0
naming_5%8, pending tasks: 0
naming_6%8, pending tasks: 0
naming_7%8, pending tasks: 0


2023-04-22 01:20:45,363 INFO DISTRO:|0|0|0|

2023-04-22 01:21:45,364 INFO PERFORMANCE:|65|99|418|629|553|3522|9

2023-04-22 01:21:45,364 INFO Task worker status: 
naming_0%8, pending tasks: 0
naming_1%8, pending tasks: 0
naming_2%8, pending tasks: 0
naming_3%8, pending tasks: 0
naming_4%8, pending tasks: 0
naming_5%8, pending tasks: 0
naming_6%8, pending tasks: 0
naming_7%8, pending tasks: 0


2023-04-22 01:21:45,364 INFO DISTRO:|0|0|0|

2023-04-22 01:22:45,365 INFO PERFORMANCE:|65|99|418|-1|-1|3522|9

2023-04-22 01:22:45,365 INFO Task worker status: 
naming_0%8, pending tasks: 0
naming_1%8, pending tasks: 0
naming_2%8, pending tasks: 0
naming_3%8, pending tasks: 0
naming_4%8, pending tasks: 0
naming_5%8, pending tasks: 0
naming_6%8, pending tasks: 0
naming_7%8, pending tasks: 0


2023-04-22 01:22:45,365 INFO DISTRO:|0|0|0|

2023-04-22 01:23:45,366 INFO PERFORMANCE:|serviceCount|ipCount|subscribeCount|maxPushCost|avgPushCost|totalPushCount|failPushCount

2023-04-22 01:23:45,366 INFO DISTRO:|V1SyncDone|V1SyncFail|V2SyncDone|V2SyncFail|V2VerifyFail|

2023-04-22 01:23:45,366 INFO PERFORMANCE:|65|99|418|-1|-1|3522|9

2023-04-22 01:23:45,366 INFO Task worker status: 
naming_0%8, pending tasks: 0
naming_1%8, pending tasks: 0
naming_2%8, pending tasks: 0
naming_3%8, pending tasks: 0
naming_4%8, pending tasks: 0
naming_5%8, pending tasks: 0
naming_6%8, pending tasks: 0
naming_7%8, pending tasks: 0


2023-04-22 01:23:45,366 INFO DISTRO:|0|0|0|

2023-04-22 01:24:45,367 INFO PERFORMANCE:|65|99|418|602|550|3544|9

2023-04-22 01:24:45,367 INFO Task worker status: 
naming_0%8, pending tasks: 0
naming_1%8, pending tasks: 0
naming_2%8, pending tasks: 0
naming_3%8, pending tasks: 0
naming_4%8, pending tasks: 0
naming_5%8, pending tasks: 0
naming_6%8, pending tasks: 0
naming_7%8, pending tasks: 0


2023-04-22 01:24:45,367 INFO DISTRO:|0|0|0|

2023-04-22 01:25:45,368 INFO PERFORMANCE:|65|83|360|614|570|3609|9

2023-04-22 01:25:45,368 INFO Task worker status: 
naming_0%8, pending tasks: 0
naming_1%8, pending tasks: 0
naming_2%8, pending tasks: 0
naming_3%8, pending tasks: 0
naming_4%8, pending tasks: 0
naming_5%8, pending tasks: 0
naming_6%8, pending tasks: 0
naming_7%8, pending tasks: 0


2023-04-22 01:25:45,368 INFO DISTRO:|0|0|0|

2023-04-22 01:26:45,369 INFO PERFORMANCE:|65|99|418|638|556|3717|9

2023-04-22 01:26:45,369 INFO Task worker status: 
naming_0%8, pending tasks: 0
naming_1%8, pending tasks: 0
naming_2%8, pending tasks: 0
naming_3%8, pending tasks: 0
naming_4%8, pending tasks: 0
naming_5%8, pending tasks: 0
naming_6%8, pending tasks: 0
naming_7%8, pending tasks: 0


2023-04-22 01:26:45,369 INFO DISTRO:|0|0|0|

2023-04-22 01:27:45,369 INFO PERFORMANCE:|65|99|418|-1|-1|3717|9

2023-04-22 01:27:45,369 INFO Task worker status: 
naming_0%8, pending tasks: 0
naming_1%8, pending tasks: 0
naming_2%8, pending tasks: 0
naming_3%8, pending tasks: 0
naming_4%8, pending tasks: 0
naming_5%8, pending tasks: 0
naming_6%8, pending tasks: 0
naming_7%8, pending tasks: 0


2023-04-22 01:27:45,369 INFO DISTRO:|0|0|0|

2023-04-22 01:28:45,370 INFO PERFORMANCE:|65|99|418|602|550|3825|9

2023-04-22 01:28:45,370 INFO Task worker status: 
naming_0%8, pending tasks: 0
naming_1%8, pending tasks: 0
naming_2%8, pending tasks: 0
naming_3%8, pending tasks: 0
naming_4%8, pending tasks: 0
naming_5%8, pending tasks: 0
naming_6%8, pending tasks: 0
naming_7%8, pending tasks: 0


2023-04-22 01:28:45,370 INFO DISTRO:|0|0|0|

2023-04-22 01:29:45,370 INFO PERFORMANCE:|65|99|418|-1|-1|3825|9

2023-04-22 01:29:45,370 INFO Task worker status: 
naming_0%8, pending tasks: 0
naming_1%8, pending tasks: 0
naming_2%8, pending tasks: 0
naming_3%8, pending tasks: 0
naming_4%8, pending tasks: 0
naming_5%8, pending tasks: 0
naming_6%8, pending tasks: 0
naming_7%8, pending tasks: 0


2023-04-22 01:29:45,370 INFO DISTRO:|0|0|0|

2023-04-22 01:30:45,371 INFO PERFORMANCE:|65|99|418|-1|-1|3825|9

2023-04-22 01:30:45,371 INFO Task worker status: 
naming_0%8, pending tasks: 0
naming_1%8, pending tasks: 0
naming_2%8, pending tasks: 0
naming_3%8, pending tasks: 0
naming_4%8, pending tasks: 0
naming_5%8, pending tasks: 0
naming_6%8, pending tasks: 0
naming_7%8, pending tasks: 0


2023-04-22 01:30:45,371 INFO DISTRO:|0|0|0|

2023-04-22 01:31:45,371 INFO PERFORMANCE:|65|99|418|-1|-1|3825|9

2023-04-22 01:31:45,371 INFO Task worker status: 
naming_0%8, pending tasks: 0
naming_1%8, pending tasks: 0
naming_2%8, pending tasks: 0
naming_3%8, pending tasks: 0
naming_4%8, pending tasks: 0
naming_5%8, pending tasks: 0
naming_6%8, pending tasks: 0
naming_7%8, pending tasks: 0


2023-04-22 01:31:45,371 INFO DISTRO:|0|0|0|

2023-04-22 01:32:45,371 INFO PERFORMANCE:|65|99|418|-1|-1|3825|9

2023-04-22 01:32:45,371 INFO Task worker status: 
naming_0%8, pending tasks: 0
naming_1%8, pending tasks: 0
naming_2%8, pending tasks: 0
naming_3%8, pending tasks: 0
naming_4%8, pending tasks: 0
naming_5%8, pending tasks: 0
naming_6%8, pending tasks: 0
naming_7%8, pending tasks: 0


2023-04-22 01:32:45,371 INFO DISTRO:|0|0|0|

2023-04-22 01:33:45,372 INFO PERFORMANCE:|serviceCount|ipCount|subscribeCount|maxPushCost|avgPushCost|totalPushCount|failPushCount

2023-04-22 01:33:45,372 INFO DISTRO:|V1SyncDone|V1SyncFail|V2SyncDone|V2SyncFail|V2VerifyFail|

2023-04-22 01:33:45,372 INFO PERFORMANCE:|65|99|418|-1|-1|3825|9

2023-04-22 01:33:45,372 INFO Task worker status: 
naming_0%8, pending tasks: 0
naming_1%8, pending tasks: 0
naming_2%8, pending tasks: 0
naming_3%8, pending tasks: 0
naming_4%8, pending tasks: 0
naming_5%8, pending tasks: 0
naming_6%8, pending tasks: 0
naming_7%8, pending tasks: 0


2023-04-22 01:33:45,372 INFO DISTRO:|0|0|0|

2023-04-22 01:34:45,373 INFO PERFORMANCE:|65|99|418|-1|-1|3825|9

2023-04-22 01:34:45,373 INFO Task worker status: 
naming_0%8, pending tasks: 0
naming_1%8, pending tasks: 0
naming_2%8, pending tasks: 0
naming_3%8, pending tasks: 0
naming_4%8, pending tasks: 0
naming_5%8, pending tasks: 0
naming_6%8, pending tasks: 0
naming_7%8, pending tasks: 0


2023-04-22 01:34:45,373 INFO DISTRO:|0|0|0|

2023-04-22 01:35:45,374 INFO PERFORMANCE:|65|99|418|-1|-1|3825|9

2023-04-22 01:35:45,374 INFO Task worker status: 
naming_0%8, pending tasks: 0
naming_1%8, pending tasks: 0
naming_2%8, pending tasks: 0
naming_3%8, pending tasks: 0
naming_4%8, pending tasks: 0
naming_5%8, pending tasks: 0
naming_6%8, pending tasks: 0
naming_7%8, pending tasks: 0


2023-04-22 01:35:45,374 INFO DISTRO:|0|0|0|

2023-04-22 01:36:45,375 INFO PERFORMANCE:|65|2|1|766|590|4138|9

2023-04-22 01:36:45,375 INFO Task worker status: 
naming_0%8, pending tasks: 0
naming_1%8, pending tasks: 0
naming_2%8, pending tasks: 0
naming_3%8, pending tasks: 0
naming_4%8, pending tasks: 0
naming_5%8, pending tasks: 0
naming_6%8, pending tasks: 0
naming_7%8, pending tasks: 0


2023-04-22 01:36:45,375 INFO DISTRO:|0|0|0|

2023-04-22 01:37:45,377 INFO PERFORMANCE:|65|2|1|-1|-1|4138|9

2023-04-22 01:37:45,377 INFO Task worker status: 
naming_0%8, pending tasks: 0
naming_1%8, pending tasks: 0
naming_2%8, pending tasks: 0
naming_3%8, pending tasks: 0
naming_4%8, pending tasks: 0
naming_5%8, pending tasks: 0
naming_6%8, pending tasks: 0
naming_7%8, pending tasks: 0


2023-04-22 01:37:45,377 INFO DISTRO:|0|0|0|

2023-04-22 01:38:45,377 INFO PERFORMANCE:|2|2|1|-1|-1|4138|9

2023-04-22 01:38:45,377 INFO Task worker status: 
naming_0%8, pending tasks: 0
naming_1%8, pending tasks: 0
naming_2%8, pending tasks: 0
naming_3%8, pending tasks: 0
naming_4%8, pending tasks: 0
naming_5%8, pending tasks: 0
naming_6%8, pending tasks: 0
naming_7%8, pending tasks: 0


2023-04-22 01:38:45,377 INFO DISTRO:|0|0|0|

2023-04-22 01:39:45,378 INFO PERFORMANCE:|2|2|1|-1|-1|4138|9

2023-04-22 01:39:45,378 INFO Task worker status: 
naming_0%8, pending tasks: 0
naming_1%8, pending tasks: 0
naming_2%8, pending tasks: 0
naming_3%8, pending tasks: 0
naming_4%8, pending tasks: 0
naming_5%8, pending tasks: 0
naming_6%8, pending tasks: 0
naming_7%8, pending tasks: 0


2023-04-22 01:39:45,378 INFO DISTRO:|0|0|0|

2023-04-22 01:40:45,378 INFO PERFORMANCE:|2|2|1|-1|-1|4138|9

2023-04-22 01:40:45,378 INFO Task worker status: 
naming_0%8, pending tasks: 0
naming_1%8, pending tasks: 0
naming_2%8, pending tasks: 0
naming_3%8, pending tasks: 0
naming_4%8, pending tasks: 0
naming_5%8, pending tasks: 0
naming_6%8, pending tasks: 0
naming_7%8, pending tasks: 0


2023-04-22 01:40:45,378 INFO DISTRO:|0|0|0|

2023-04-22 01:41:45,378 INFO PERFORMANCE:|2|2|1|-1|-1|4138|9

2023-04-22 01:41:45,378 INFO Task worker status: 
naming_0%8, pending tasks: 0
naming_1%8, pending tasks: 0
naming_2%8, pending tasks: 0
naming_3%8, pending tasks: 0
naming_4%8, pending tasks: 0
naming_5%8, pending tasks: 0
naming_6%8, pending tasks: 0
naming_7%8, pending tasks: 0


2023-04-22 01:41:45,378 INFO DISTRO:|0|0|0|

2023-04-22 01:42:45,379 INFO PERFORMANCE:|2|2|1|-1|-1|4138|9

2023-04-22 01:42:45,380 INFO Task worker status: 
naming_0%8, pending tasks: 0
naming_1%8, pending tasks: 0
naming_2%8, pending tasks: 0
naming_3%8, pending tasks: 0
naming_4%8, pending tasks: 0
naming_5%8, pending tasks: 0
naming_6%8, pending tasks: 0
naming_7%8, pending tasks: 0


2023-04-22 01:42:45,380 INFO DISTRO:|0|0|0|

2023-04-22 01:43:45,381 INFO PERFORMANCE:|serviceCount|ipCount|subscribeCount|maxPushCost|avgPushCost|totalPushCount|failPushCount

2023-04-22 01:43:45,381 INFO DISTRO:|V1SyncDone|V1SyncFail|V2SyncDone|V2SyncFail|V2VerifyFail|

2023-04-22 01:43:45,381 INFO PERFORMANCE:|2|2|1|-1|-1|4138|9

2023-04-22 01:43:45,381 INFO Task worker status: 
naming_0%8, pending tasks: 0
naming_1%8, pending tasks: 0
naming_2%8, pending tasks: 0
naming_3%8, pending tasks: 0
naming_4%8, pending tasks: 0
naming_5%8, pending tasks: 0
naming_6%8, pending tasks: 0
naming_7%8, pending tasks: 0


2023-04-22 01:43:45,381 INFO DISTRO:|0|0|0|

2023-04-22 01:44:45,382 INFO PERFORMANCE:|2|2|1|-1|-1|4138|9

2023-04-22 01:44:45,382 INFO Task worker status: 
naming_0%8, pending tasks: 0
naming_1%8, pending tasks: 0
naming_2%8, pending tasks: 0
naming_3%8, pending tasks: 0
naming_4%8, pending tasks: 0
naming_5%8, pending tasks: 0
naming_6%8, pending tasks: 0
naming_7%8, pending tasks: 0


2023-04-22 01:44:45,382 INFO DISTRO:|0|0|0|

2023-04-22 01:45:45,383 INFO PERFORMANCE:|2|2|1|-1|-1|4138|9

2023-04-22 01:45:45,383 INFO Task worker status: 
naming_0%8, pending tasks: 0
naming_1%8, pending tasks: 0
naming_2%8, pending tasks: 0
naming_3%8, pending tasks: 0
naming_4%8, pending tasks: 0
naming_5%8, pending tasks: 0
naming_6%8, pending tasks: 0
naming_7%8, pending tasks: 0


2023-04-22 01:45:45,383 INFO DISTRO:|0|0|0|

2023-04-22 01:46:45,384 INFO PERFORMANCE:|2|2|1|-1|-1|4138|9

2023-04-22 01:46:45,384 INFO Task worker status: 
naming_0%8, pending tasks: 0
naming_1%8, pending tasks: 0
naming_2%8, pending tasks: 0
naming_3%8, pending tasks: 0
naming_4%8, pending tasks: 0
naming_5%8, pending tasks: 0
naming_6%8, pending tasks: 0
naming_7%8, pending tasks: 0


2023-04-22 01:46:45,384 INFO DISTRO:|0|0|0|

2023-04-22 01:47:45,384 INFO PERFORMANCE:|2|2|1|-1|-1|4138|9

2023-04-22 01:47:45,384 INFO Task worker status: 
naming_0%8, pending tasks: 0
naming_1%8, pending tasks: 0
naming_2%8, pending tasks: 0
naming_3%8, pending tasks: 0
naming_4%8, pending tasks: 0
naming_5%8, pending tasks: 0
naming_6%8, pending tasks: 0
naming_7%8, pending tasks: 0


2023-04-22 01:47:45,384 INFO DISTRO:|0|0|0|

2023-04-22 01:48:45,385 INFO PERFORMANCE:|2|2|1|-1|-1|4138|9

2023-04-22 01:48:45,385 INFO Task worker status: 
naming_0%8, pending tasks: 0
naming_1%8, pending tasks: 0
naming_2%8, pending tasks: 0
naming_3%8, pending tasks: 0
naming_4%8, pending tasks: 0
naming_5%8, pending tasks: 0
naming_6%8, pending tasks: 0
naming_7%8, pending tasks: 0


2023-04-22 01:48:45,385 INFO DISTRO:|0|0|0|

2023-04-22 01:49:45,386 INFO PERFORMANCE:|2|2|1|-1|-1|4138|9

2023-04-22 01:49:45,386 INFO Task worker status: 
naming_0%8, pending tasks: 0
naming_1%8, pending tasks: 0
naming_2%8, pending tasks: 0
naming_3%8, pending tasks: 0
naming_4%8, pending tasks: 0
naming_5%8, pending tasks: 0
naming_6%8, pending tasks: 0
naming_7%8, pending tasks: 0


2023-04-22 01:49:45,386 INFO DISTRO:|0|0|0|

2023-04-22 01:50:45,387 INFO PERFORMANCE:|2|2|1|-1|-1|4138|9

2023-04-22 01:50:45,387 INFO Task worker status: 
naming_0%8, pending tasks: 0
naming_1%8, pending tasks: 0
naming_2%8, pending tasks: 0
naming_3%8, pending tasks: 0
naming_4%8, pending tasks: 0
naming_5%8, pending tasks: 0
naming_6%8, pending tasks: 0
naming_7%8, pending tasks: 0


2023-04-22 01:50:45,387 INFO DISTRO:|0|0|0|

2023-04-22 01:51:45,388 INFO PERFORMANCE:|2|2|1|-1|-1|4138|9

2023-04-22 01:51:45,388 INFO Task worker status: 
naming_0%8, pending tasks: 0
naming_1%8, pending tasks: 0
naming_2%8, pending tasks: 0
naming_3%8, pending tasks: 0
naming_4%8, pending tasks: 0
naming_5%8, pending tasks: 0
naming_6%8, pending tasks: 0
naming_7%8, pending tasks: 0


2023-04-22 01:51:45,388 INFO DISTRO:|0|0|0|

2023-04-22 01:52:45,388 INFO PERFORMANCE:|2|2|1|-1|-1|4138|9

2023-04-22 01:52:45,389 INFO Task worker status: 
naming_0%8, pending tasks: 0
naming_1%8, pending tasks: 0
naming_2%8, pending tasks: 0
naming_3%8, pending tasks: 0
naming_4%8, pending tasks: 0
naming_5%8, pending tasks: 0
naming_6%8, pending tasks: 0
naming_7%8, pending tasks: 0


2023-04-22 01:52:45,389 INFO DISTRO:|0|0|0|

2023-04-22 01:53:45,389 INFO PERFORMANCE:|serviceCount|ipCount|subscribeCount|maxPushCost|avgPushCost|totalPushCount|failPushCount

2023-04-22 01:53:45,389 INFO DISTRO:|V1SyncDone|V1SyncFail|V2SyncDone|V2SyncFail|V2VerifyFail|

2023-04-22 01:53:45,389 INFO PERFORMANCE:|2|2|1|-1|-1|4138|9

2023-04-22 01:53:45,389 INFO Task worker status: 
naming_0%8, pending tasks: 0
naming_1%8, pending tasks: 0
naming_2%8, pending tasks: 0
naming_3%8, pending tasks: 0
naming_4%8, pending tasks: 0
naming_5%8, pending tasks: 0
naming_6%8, pending tasks: 0
naming_7%8, pending tasks: 0


2023-04-22 01:53:45,389 INFO DISTRO:|0|0|0|

2023-04-22 01:54:45,390 INFO PERFORMANCE:|2|2|1|-1|-1|4138|9

2023-04-22 01:54:45,390 INFO Task worker status: 
naming_0%8, pending tasks: 0
naming_1%8, pending tasks: 0
naming_2%8, pending tasks: 0
naming_3%8, pending tasks: 0
naming_4%8, pending tasks: 0
naming_5%8, pending tasks: 0
naming_6%8, pending tasks: 0
naming_7%8, pending tasks: 0


2023-04-22 01:54:45,390 INFO DISTRO:|0|0|0|

2023-04-22 01:55:45,390 INFO PERFORMANCE:|2|2|1|-1|-1|4138|9

2023-04-22 01:55:45,391 INFO Task worker status: 
naming_0%8, pending tasks: 0
naming_1%8, pending tasks: 0
naming_2%8, pending tasks: 0
naming_3%8, pending tasks: 0
naming_4%8, pending tasks: 0
naming_5%8, pending tasks: 0
naming_6%8, pending tasks: 0
naming_7%8, pending tasks: 0


2023-04-22 01:55:45,391 INFO DISTRO:|0|0|0|

2023-04-22 01:56:45,391 INFO PERFORMANCE:|2|2|1|-1|-1|4138|9

2023-04-22 01:56:45,391 INFO Task worker status: 
naming_0%8, pending tasks: 0
naming_1%8, pending tasks: 0
naming_2%8, pending tasks: 0
naming_3%8, pending tasks: 0
naming_4%8, pending tasks: 0
naming_5%8, pending tasks: 0
naming_6%8, pending tasks: 0
naming_7%8, pending tasks: 0


2023-04-22 01:56:45,391 INFO DISTRO:|0|0|0|

2023-04-22 01:57:45,392 INFO PERFORMANCE:|2|2|1|-1|-1|4138|9

2023-04-22 01:57:45,392 INFO Task worker status: 
naming_0%8, pending tasks: 0
naming_1%8, pending tasks: 0
naming_2%8, pending tasks: 0
naming_3%8, pending tasks: 0
naming_4%8, pending tasks: 0
naming_5%8, pending tasks: 0
naming_6%8, pending tasks: 0
naming_7%8, pending tasks: 0


2023-04-22 01:57:45,392 INFO DISTRO:|0|0|0|

2023-04-22 01:58:45,392 INFO PERFORMANCE:|2|2|1|-1|-1|4138|9

2023-04-22 01:58:45,393 INFO Task worker status: 
naming_0%8, pending tasks: 0
naming_1%8, pending tasks: 0
naming_2%8, pending tasks: 0
naming_3%8, pending tasks: 0
naming_4%8, pending tasks: 0
naming_5%8, pending tasks: 0
naming_6%8, pending tasks: 0
naming_7%8, pending tasks: 0


2023-04-22 01:58:45,393 INFO DISTRO:|0|0|0|

2023-04-22 01:59:45,393 INFO PERFORMANCE:|2|2|1|-1|-1|4138|9

2023-04-22 01:59:45,393 INFO Task worker status: 
naming_0%8, pending tasks: 0
naming_1%8, pending tasks: 0
naming_2%8, pending tasks: 0
naming_3%8, pending tasks: 0
naming_4%8, pending tasks: 0
naming_5%8, pending tasks: 0
naming_6%8, pending tasks: 0
naming_7%8, pending tasks: 0


2023-04-22 01:59:45,393 INFO DISTRO:|0|0|0|

2023-04-22 02:00:45,394 INFO PERFORMANCE:|2|2|1|-1|-1|4138|9

2023-04-22 02:00:45,394 INFO Task worker status: 
naming_0%8, pending tasks: 0
naming_1%8, pending tasks: 0
naming_2%8, pending tasks: 0
naming_3%8, pending tasks: 0
naming_4%8, pending tasks: 0
naming_5%8, pending tasks: 0
naming_6%8, pending tasks: 0
naming_7%8, pending tasks: 0


2023-04-22 02:00:45,394 INFO DISTRO:|0|0|0|

2023-04-22 02:01:45,395 INFO PERFORMANCE:|2|2|1|-1|-1|4138|9

2023-04-22 02:01:45,395 INFO Task worker status: 
naming_0%8, pending tasks: 0
naming_1%8, pending tasks: 0
naming_2%8, pending tasks: 0
naming_3%8, pending tasks: 0
naming_4%8, pending tasks: 0
naming_5%8, pending tasks: 0
naming_6%8, pending tasks: 0
naming_7%8, pending tasks: 0


2023-04-22 02:01:45,395 INFO DISTRO:|0|0|0|

2023-04-22 02:02:45,396 INFO PERFORMANCE:|2|2|1|-1|-1|4138|9

2023-04-22 02:02:45,396 INFO Task worker status: 
naming_0%8, pending tasks: 0
naming_1%8, pending tasks: 0
naming_2%8, pending tasks: 0
naming_3%8, pending tasks: 0
naming_4%8, pending tasks: 0
naming_5%8, pending tasks: 0
naming_6%8, pending tasks: 0
naming_7%8, pending tasks: 0


2023-04-22 02:02:45,396 INFO DISTRO:|0|0|0|

2023-04-22 02:03:45,396 INFO PERFORMANCE:|serviceCount|ipCount|subscribeCount|maxPushCost|avgPushCost|totalPushCount|failPushCount

2023-04-22 02:03:45,397 INFO DISTRO:|V1SyncDone|V1SyncFail|V2SyncDone|V2SyncFail|V2VerifyFail|

2023-04-22 02:03:45,397 INFO PERFORMANCE:|2|2|1|-1|-1|4138|9

2023-04-22 02:03:45,397 INFO Task worker status: 
naming_0%8, pending tasks: 0
naming_1%8, pending tasks: 0
naming_2%8, pending tasks: 0
naming_3%8, pending tasks: 0
naming_4%8, pending tasks: 0
naming_5%8, pending tasks: 0
naming_6%8, pending tasks: 0
naming_7%8, pending tasks: 0


2023-04-22 02:03:45,397 INFO DISTRO:|0|0|0|

2023-04-22 02:04:45,397 INFO PERFORMANCE:|2|2|1|-1|-1|4138|9

2023-04-22 02:04:45,397 INFO Task worker status: 
naming_0%8, pending tasks: 0
naming_1%8, pending tasks: 0
naming_2%8, pending tasks: 0
naming_3%8, pending tasks: 0
naming_4%8, pending tasks: 0
naming_5%8, pending tasks: 0
naming_6%8, pending tasks: 0
naming_7%8, pending tasks: 0


2023-04-22 02:04:45,397 INFO DISTRO:|0|0|0|

2023-04-22 02:05:45,398 INFO PERFORMANCE:|2|2|1|-1|-1|4138|9

2023-04-22 02:05:45,398 INFO Task worker status: 
naming_0%8, pending tasks: 0
naming_1%8, pending tasks: 0
naming_2%8, pending tasks: 0
naming_3%8, pending tasks: 0
naming_4%8, pending tasks: 0
naming_5%8, pending tasks: 0
naming_6%8, pending tasks: 0
naming_7%8, pending tasks: 0


2023-04-22 02:05:45,398 INFO DISTRO:|0|0|0|

2023-04-22 02:06:45,398 INFO PERFORMANCE:|2|2|1|-1|-1|4138|9

2023-04-22 02:06:45,398 INFO Task worker status: 
naming_0%8, pending tasks: 0
naming_1%8, pending tasks: 0
naming_2%8, pending tasks: 0
naming_3%8, pending tasks: 0
naming_4%8, pending tasks: 0
naming_5%8, pending tasks: 0
naming_6%8, pending tasks: 0
naming_7%8, pending tasks: 0


2023-04-22 02:06:45,398 INFO DISTRO:|0|0|0|

2023-04-22 02:07:45,400 INFO PERFORMANCE:|2|2|1|-1|-1|4138|9

2023-04-22 02:07:45,400 INFO Task worker status: 
naming_0%8, pending tasks: 0
naming_1%8, pending tasks: 0
naming_2%8, pending tasks: 0
naming_3%8, pending tasks: 0
naming_4%8, pending tasks: 0
naming_5%8, pending tasks: 0
naming_6%8, pending tasks: 0
naming_7%8, pending tasks: 0


2023-04-22 02:07:45,400 INFO DISTRO:|0|0|0|

2023-04-22 02:08:45,400 INFO PERFORMANCE:|2|2|1|-1|-1|4138|9

2023-04-22 02:08:45,400 INFO Task worker status: 
naming_0%8, pending tasks: 0
naming_1%8, pending tasks: 0
naming_2%8, pending tasks: 0
naming_3%8, pending tasks: 0
naming_4%8, pending tasks: 0
naming_5%8, pending tasks: 0
naming_6%8, pending tasks: 0
naming_7%8, pending tasks: 0


2023-04-22 02:08:45,400 INFO DISTRO:|0|0|0|

2023-04-22 02:09:45,401 INFO PERFORMANCE:|2|2|1|-1|-1|4138|9

2023-04-22 02:09:45,401 INFO Task worker status: 
naming_0%8, pending tasks: 0
naming_1%8, pending tasks: 0
naming_2%8, pending tasks: 0
naming_3%8, pending tasks: 0
naming_4%8, pending tasks: 0
naming_5%8, pending tasks: 0
naming_6%8, pending tasks: 0
naming_7%8, pending tasks: 0


2023-04-22 02:09:45,401 INFO DISTRO:|0|0|0|

2023-04-22 02:10:45,402 INFO PERFORMANCE:|2|2|1|-1|-1|4138|9

2023-04-22 02:10:45,402 INFO Task worker status: 
naming_0%8, pending tasks: 0
naming_1%8, pending tasks: 0
naming_2%8, pending tasks: 0
naming_3%8, pending tasks: 0
naming_4%8, pending tasks: 0
naming_5%8, pending tasks: 0
naming_6%8, pending tasks: 0
naming_7%8, pending tasks: 0


2023-04-22 02:10:45,402 INFO DISTRO:|0|0|0|

2023-04-22 02:11:45,403 INFO PERFORMANCE:|2|2|1|-1|-1|4138|9

2023-04-22 02:11:45,403 INFO Task worker status: 
naming_0%8, pending tasks: 0
naming_1%8, pending tasks: 0
naming_2%8, pending tasks: 0
naming_3%8, pending tasks: 0
naming_4%8, pending tasks: 0
naming_5%8, pending tasks: 0
naming_6%8, pending tasks: 0
naming_7%8, pending tasks: 0


2023-04-22 02:11:45,403 INFO DISTRO:|0|0|0|

2023-04-22 02:12:45,404 INFO PERFORMANCE:|2|2|1|-1|-1|4138|9

2023-04-22 02:12:45,404 INFO Task worker status: 
naming_0%8, pending tasks: 0
naming_1%8, pending tasks: 0
naming_2%8, pending tasks: 0
naming_3%8, pending tasks: 0
naming_4%8, pending tasks: 0
naming_5%8, pending tasks: 0
naming_6%8, pending tasks: 0
naming_7%8, pending tasks: 0


2023-04-22 02:12:45,404 INFO DISTRO:|0|0|0|

2023-04-22 02:13:45,405 INFO PERFORMANCE:|serviceCount|ipCount|subscribeCount|maxPushCost|avgPushCost|totalPushCount|failPushCount

2023-04-22 02:13:45,405 INFO DISTRO:|V1SyncDone|V1SyncFail|V2SyncDone|V2SyncFail|V2VerifyFail|

2023-04-22 02:13:45,405 INFO PERFORMANCE:|2|2|1|-1|-1|4138|9

2023-04-22 02:13:45,405 INFO Task worker status: 
naming_0%8, pending tasks: 0
naming_1%8, pending tasks: 0
naming_2%8, pending tasks: 0
naming_3%8, pending tasks: 0
naming_4%8, pending tasks: 0
naming_5%8, pending tasks: 0
naming_6%8, pending tasks: 0
naming_7%8, pending tasks: 0


2023-04-22 02:13:45,405 INFO DISTRO:|0|0|0|

2023-04-22 02:14:45,406 INFO PERFORMANCE:|2|2|1|-1|-1|4138|9

2023-04-22 02:14:45,407 INFO Task worker status: 
naming_0%8, pending tasks: 0
naming_1%8, pending tasks: 0
naming_2%8, pending tasks: 0
naming_3%8, pending tasks: 0
naming_4%8, pending tasks: 0
naming_5%8, pending tasks: 0
naming_6%8, pending tasks: 0
naming_7%8, pending tasks: 0


2023-04-22 02:14:45,407 INFO DISTRO:|0|0|0|

2023-04-22 02:15:45,407 INFO PERFORMANCE:|2|2|1|-1|-1|4138|9

2023-04-22 02:15:45,407 INFO Task worker status: 
naming_0%8, pending tasks: 0
naming_1%8, pending tasks: 0
naming_2%8, pending tasks: 0
naming_3%8, pending tasks: 0
naming_4%8, pending tasks: 0
naming_5%8, pending tasks: 0
naming_6%8, pending tasks: 0
naming_7%8, pending tasks: 0


2023-04-22 02:15:45,407 INFO DISTRO:|0|0|0|

2023-04-22 02:16:45,408 INFO PERFORMANCE:|2|2|1|-1|-1|4138|9

2023-04-22 02:16:45,408 INFO Task worker status: 
naming_0%8, pending tasks: 0
naming_1%8, pending tasks: 0
naming_2%8, pending tasks: 0
naming_3%8, pending tasks: 0
naming_4%8, pending tasks: 0
naming_5%8, pending tasks: 0
naming_6%8, pending tasks: 0
naming_7%8, pending tasks: 0


2023-04-22 02:16:45,408 INFO DISTRO:|0|0|0|

2023-04-22 02:17:45,408 INFO PERFORMANCE:|2|2|1|-1|-1|4138|9

2023-04-22 02:17:45,408 INFO Task worker status: 
naming_0%8, pending tasks: 0
naming_1%8, pending tasks: 0
naming_2%8, pending tasks: 0
naming_3%8, pending tasks: 0
naming_4%8, pending tasks: 0
naming_5%8, pending tasks: 0
naming_6%8, pending tasks: 0
naming_7%8, pending tasks: 0


2023-04-22 02:17:45,408 INFO DISTRO:|0|0|0|

2023-04-22 02:18:45,409 INFO PERFORMANCE:|2|2|1|-1|-1|4138|9

2023-04-22 02:18:45,409 INFO Task worker status: 
naming_0%8, pending tasks: 0
naming_1%8, pending tasks: 0
naming_2%8, pending tasks: 0
naming_3%8, pending tasks: 0
naming_4%8, pending tasks: 0
naming_5%8, pending tasks: 0
naming_6%8, pending tasks: 0
naming_7%8, pending tasks: 0


2023-04-22 02:18:45,409 INFO DISTRO:|0|0|0|

2023-04-22 02:19:45,410 INFO PERFORMANCE:|2|2|1|-1|-1|4138|9

2023-04-22 02:19:45,410 INFO Task worker status: 
naming_0%8, pending tasks: 0
naming_1%8, pending tasks: 0
naming_2%8, pending tasks: 0
naming_3%8, pending tasks: 0
naming_4%8, pending tasks: 0
naming_5%8, pending tasks: 0
naming_6%8, pending tasks: 0
naming_7%8, pending tasks: 0


2023-04-22 02:19:45,410 INFO DISTRO:|0|0|0|

2023-04-22 02:20:45,412 INFO PERFORMANCE:|2|2|1|-1|-1|4138|9

2023-04-22 02:20:45,412 INFO Task worker status: 
naming_0%8, pending tasks: 0
naming_1%8, pending tasks: 0
naming_2%8, pending tasks: 0
naming_3%8, pending tasks: 0
naming_4%8, pending tasks: 0
naming_5%8, pending tasks: 0
naming_6%8, pending tasks: 0
naming_7%8, pending tasks: 0


2023-04-22 02:20:45,412 INFO DISTRO:|0|0|0|

2023-04-22 02:21:45,412 INFO PERFORMANCE:|2|2|1|-1|-1|4138|9

2023-04-22 02:21:45,412 INFO Task worker status: 
naming_0%8, pending tasks: 0
naming_1%8, pending tasks: 0
naming_2%8, pending tasks: 0
naming_3%8, pending tasks: 0
naming_4%8, pending tasks: 0
naming_5%8, pending tasks: 0
naming_6%8, pending tasks: 0
naming_7%8, pending tasks: 0


2023-04-22 02:21:45,412 INFO DISTRO:|0|0|0|

2023-04-22 02:22:45,413 INFO PERFORMANCE:|2|2|1|-1|-1|4138|9

2023-04-22 02:22:45,413 INFO Task worker status: 
naming_0%8, pending tasks: 0
naming_1%8, pending tasks: 0
naming_2%8, pending tasks: 0
naming_3%8, pending tasks: 0
naming_4%8, pending tasks: 0
naming_5%8, pending tasks: 0
naming_6%8, pending tasks: 0
naming_7%8, pending tasks: 0


2023-04-22 02:22:45,413 INFO DISTRO:|0|0|0|

2023-04-22 02:23:45,414 INFO PERFORMANCE:|serviceCount|ipCount|subscribeCount|maxPushCost|avgPushCost|totalPushCount|failPushCount

2023-04-22 02:23:45,414 INFO DISTRO:|V1SyncDone|V1SyncFail|V2SyncDone|V2SyncFail|V2VerifyFail|

2023-04-22 02:23:45,414 INFO PERFORMANCE:|2|2|1|-1|-1|4138|9

2023-04-22 02:23:45,415 INFO Task worker status: 
naming_0%8, pending tasks: 0
naming_1%8, pending tasks: 0
naming_2%8, pending tasks: 0
naming_3%8, pending tasks: 0
naming_4%8, pending tasks: 0
naming_5%8, pending tasks: 0
naming_6%8, pending tasks: 0
naming_7%8, pending tasks: 0


2023-04-22 02:23:45,415 INFO DISTRO:|0|0|0|

2023-04-22 02:24:45,415 INFO PERFORMANCE:|2|2|1|-1|-1|4138|9

2023-04-22 02:24:45,415 INFO Task worker status: 
naming_0%8, pending tasks: 0
naming_1%8, pending tasks: 0
naming_2%8, pending tasks: 0
naming_3%8, pending tasks: 0
naming_4%8, pending tasks: 0
naming_5%8, pending tasks: 0
naming_6%8, pending tasks: 0
naming_7%8, pending tasks: 0


2023-04-22 02:24:45,415 INFO DISTRO:|0|0|0|

2023-04-22 02:25:45,416 INFO PERFORMANCE:|2|2|1|-1|-1|4138|9

2023-04-22 02:25:45,416 INFO Task worker status: 
naming_0%8, pending tasks: 0
naming_1%8, pending tasks: 0
naming_2%8, pending tasks: 0
naming_3%8, pending tasks: 0
naming_4%8, pending tasks: 0
naming_5%8, pending tasks: 0
naming_6%8, pending tasks: 0
naming_7%8, pending tasks: 0


2023-04-22 02:25:45,416 INFO DISTRO:|0|0|0|

2023-04-22 02:26:45,417 INFO PERFORMANCE:|2|2|1|-1|-1|4138|9

2023-04-22 02:26:45,417 INFO Task worker status: 
naming_0%8, pending tasks: 0
naming_1%8, pending tasks: 0
naming_2%8, pending tasks: 0
naming_3%8, pending tasks: 0
naming_4%8, pending tasks: 0
naming_5%8, pending tasks: 0
naming_6%8, pending tasks: 0
naming_7%8, pending tasks: 0


2023-04-22 02:26:45,417 INFO DISTRO:|0|0|0|

2023-04-22 02:27:45,417 INFO PERFORMANCE:|2|2|1|-1|-1|4138|9

2023-04-22 02:27:45,417 INFO Task worker status: 
naming_0%8, pending tasks: 0
naming_1%8, pending tasks: 0
naming_2%8, pending tasks: 0
naming_3%8, pending tasks: 0
naming_4%8, pending tasks: 0
naming_5%8, pending tasks: 0
naming_6%8, pending tasks: 0
naming_7%8, pending tasks: 0


2023-04-22 02:27:45,417 INFO DISTRO:|0|0|0|

2023-04-22 02:28:45,417 INFO PERFORMANCE:|2|2|1|-1|-1|4138|9

2023-04-22 02:28:45,417 INFO Task worker status: 
naming_0%8, pending tasks: 0
naming_1%8, pending tasks: 0
naming_2%8, pending tasks: 0
naming_3%8, pending tasks: 0
naming_4%8, pending tasks: 0
naming_5%8, pending tasks: 0
naming_6%8, pending tasks: 0
naming_7%8, pending tasks: 0


2023-04-22 02:28:45,417 INFO DISTRO:|0|0|0|

2023-04-22 02:29:45,418 INFO PERFORMANCE:|2|2|1|-1|-1|4138|9

2023-04-22 02:29:45,418 INFO Task worker status: 
naming_0%8, pending tasks: 0
naming_1%8, pending tasks: 0
naming_2%8, pending tasks: 0
naming_3%8, pending tasks: 0
naming_4%8, pending tasks: 0
naming_5%8, pending tasks: 0
naming_6%8, pending tasks: 0
naming_7%8, pending tasks: 0


2023-04-22 02:29:45,418 INFO DISTRO:|0|0|0|

2023-04-22 02:30:45,419 INFO PERFORMANCE:|2|2|1|-1|-1|4138|9

2023-04-22 02:30:45,419 INFO Task worker status: 
naming_0%8, pending tasks: 0
naming_1%8, pending tasks: 0
naming_2%8, pending tasks: 0
naming_3%8, pending tasks: 0
naming_4%8, pending tasks: 0
naming_5%8, pending tasks: 0
naming_6%8, pending tasks: 0
naming_7%8, pending tasks: 0


2023-04-22 02:30:45,419 INFO DISTRO:|0|0|0|

2023-04-22 02:31:45,419 INFO PERFORMANCE:|2|2|1|-1|-1|4138|9

2023-04-22 02:31:45,420 INFO Task worker status: 
naming_0%8, pending tasks: 0
naming_1%8, pending tasks: 0
naming_2%8, pending tasks: 0
naming_3%8, pending tasks: 0
naming_4%8, pending tasks: 0
naming_5%8, pending tasks: 0
naming_6%8, pending tasks: 0
naming_7%8, pending tasks: 0


2023-04-22 02:31:45,420 INFO DISTRO:|0|0|0|

2023-04-22 02:32:45,420 INFO PERFORMANCE:|2|2|1|-1|-1|4138|9

2023-04-22 02:32:45,420 INFO Task worker status: 
naming_0%8, pending tasks: 0
naming_1%8, pending tasks: 0
naming_2%8, pending tasks: 0
naming_3%8, pending tasks: 0
naming_4%8, pending tasks: 0
naming_5%8, pending tasks: 0
naming_6%8, pending tasks: 0
naming_7%8, pending tasks: 0


2023-04-22 02:32:45,420 INFO DISTRO:|0|0|0|

2023-04-22 02:33:45,421 INFO PERFORMANCE:|serviceCount|ipCount|subscribeCount|maxPushCost|avgPushCost|totalPushCount|failPushCount

2023-04-22 02:33:45,422 INFO DISTRO:|V1SyncDone|V1SyncFail|V2SyncDone|V2SyncFail|V2VerifyFail|

2023-04-22 02:33:45,422 INFO PERFORMANCE:|2|2|1|-1|-1|4138|9

2023-04-22 02:33:45,422 INFO Task worker status: 
naming_0%8, pending tasks: 0
naming_1%8, pending tasks: 0
naming_2%8, pending tasks: 0
naming_3%8, pending tasks: 0
naming_4%8, pending tasks: 0
naming_5%8, pending tasks: 0
naming_6%8, pending tasks: 0
naming_7%8, pending tasks: 0


2023-04-22 02:33:45,422 INFO DISTRO:|0|0|0|

2023-04-22 02:34:45,423 INFO PERFORMANCE:|2|2|1|-1|-1|4138|9

2023-04-22 02:34:45,423 INFO Task worker status: 
naming_0%8, pending tasks: 0
naming_1%8, pending tasks: 0
naming_2%8, pending tasks: 0
naming_3%8, pending tasks: 0
naming_4%8, pending tasks: 0
naming_5%8, pending tasks: 0
naming_6%8, pending tasks: 0
naming_7%8, pending tasks: 0


2023-04-22 02:34:45,423 INFO DISTRO:|0|0|0|

2023-04-22 02:35:45,423 INFO PERFORMANCE:|2|2|1|-1|-1|4138|9

2023-04-22 02:35:45,423 INFO Task worker status: 
naming_0%8, pending tasks: 0
naming_1%8, pending tasks: 0
naming_2%8, pending tasks: 0
naming_3%8, pending tasks: 0
naming_4%8, pending tasks: 0
naming_5%8, pending tasks: 0
naming_6%8, pending tasks: 0
naming_7%8, pending tasks: 0


2023-04-22 02:35:45,423 INFO DISTRO:|0|0|0|

2023-04-22 02:36:45,424 INFO PERFORMANCE:|2|2|1|-1|-1|4138|9

2023-04-22 02:36:45,424 INFO Task worker status: 
naming_0%8, pending tasks: 0
naming_1%8, pending tasks: 0
naming_2%8, pending tasks: 0
naming_3%8, pending tasks: 0
naming_4%8, pending tasks: 0
naming_5%8, pending tasks: 0
naming_6%8, pending tasks: 0
naming_7%8, pending tasks: 0


2023-04-22 02:36:45,424 INFO DISTRO:|0|0|0|

2023-04-22 02:37:45,425 INFO PERFORMANCE:|2|2|1|-1|-1|4138|9

2023-04-22 02:37:45,425 INFO Task worker status: 
naming_0%8, pending tasks: 0
naming_1%8, pending tasks: 0
naming_2%8, pending tasks: 0
naming_3%8, pending tasks: 0
naming_4%8, pending tasks: 0
naming_5%8, pending tasks: 0
naming_6%8, pending tasks: 0
naming_7%8, pending tasks: 0


2023-04-22 02:37:45,425 INFO DISTRO:|0|0|0|

2023-04-22 02:38:45,425 INFO PERFORMANCE:|2|2|1|-1|-1|4138|9

2023-04-22 02:38:45,425 INFO Task worker status: 
naming_0%8, pending tasks: 0
naming_1%8, pending tasks: 0
naming_2%8, pending tasks: 0
naming_3%8, pending tasks: 0
naming_4%8, pending tasks: 0
naming_5%8, pending tasks: 0
naming_6%8, pending tasks: 0
naming_7%8, pending tasks: 0


2023-04-22 02:38:45,425 INFO DISTRO:|0|0|0|

2023-04-22 02:39:45,426 INFO PERFORMANCE:|2|2|1|-1|-1|4138|9

2023-04-22 02:39:45,426 INFO Task worker status: 
naming_0%8, pending tasks: 0
naming_1%8, pending tasks: 0
naming_2%8, pending tasks: 0
naming_3%8, pending tasks: 0
naming_4%8, pending tasks: 0
naming_5%8, pending tasks: 0
naming_6%8, pending tasks: 0
naming_7%8, pending tasks: 0


2023-04-22 02:39:45,426 INFO DISTRO:|0|0|0|

2023-04-22 02:40:45,427 INFO PERFORMANCE:|2|2|1|-1|-1|4138|9

2023-04-22 02:40:45,427 INFO Task worker status: 
naming_0%8, pending tasks: 0
naming_1%8, pending tasks: 0
naming_2%8, pending tasks: 0
naming_3%8, pending tasks: 0
naming_4%8, pending tasks: 0
naming_5%8, pending tasks: 0
naming_6%8, pending tasks: 0
naming_7%8, pending tasks: 0


2023-04-22 02:40:45,427 INFO DISTRO:|0|0|0|

2023-04-22 02:41:45,427 INFO PERFORMANCE:|2|2|1|-1|-1|4138|9

2023-04-22 02:41:45,427 INFO Task worker status: 
naming_0%8, pending tasks: 0
naming_1%8, pending tasks: 0
naming_2%8, pending tasks: 0
naming_3%8, pending tasks: 0
naming_4%8, pending tasks: 0
naming_5%8, pending tasks: 0
naming_6%8, pending tasks: 0
naming_7%8, pending tasks: 0


2023-04-22 02:41:45,427 INFO DISTRO:|0|0|0|

2023-04-22 02:42:45,428 INFO PERFORMANCE:|2|2|1|-1|-1|4138|9

2023-04-22 02:42:45,428 INFO Task worker status: 
naming_0%8, pending tasks: 0
naming_1%8, pending tasks: 0
naming_2%8, pending tasks: 0
naming_3%8, pending tasks: 0
naming_4%8, pending tasks: 0
naming_5%8, pending tasks: 0
naming_6%8, pending tasks: 0
naming_7%8, pending tasks: 0


2023-04-22 02:42:45,428 INFO DISTRO:|0|0|0|

2023-04-22 02:43:45,429 INFO PERFORMANCE:|serviceCount|ipCount|subscribeCount|maxPushCost|avgPushCost|totalPushCount|failPushCount

2023-04-22 02:43:45,429 INFO DISTRO:|V1SyncDone|V1SyncFail|V2SyncDone|V2SyncFail|V2VerifyFail|

2023-04-22 02:43:45,429 INFO PERFORMANCE:|2|2|1|-1|-1|4138|9

2023-04-22 02:43:45,429 INFO Task worker status: 
naming_0%8, pending tasks: 0
naming_1%8, pending tasks: 0
naming_2%8, pending tasks: 0
naming_3%8, pending tasks: 0
naming_4%8, pending tasks: 0
naming_5%8, pending tasks: 0
naming_6%8, pending tasks: 0
naming_7%8, pending tasks: 0


2023-04-22 02:43:45,429 INFO DISTRO:|0|0|0|

2023-04-22 02:44:45,430 INFO PERFORMANCE:|2|2|1|-1|-1|4138|9

2023-04-22 02:44:45,431 INFO Task worker status: 
naming_0%8, pending tasks: 0
naming_1%8, pending tasks: 0
naming_2%8, pending tasks: 0
naming_3%8, pending tasks: 0
naming_4%8, pending tasks: 0
naming_5%8, pending tasks: 0
naming_6%8, pending tasks: 0
naming_7%8, pending tasks: 0


2023-04-22 02:44:45,431 INFO DISTRO:|0|0|0|

2023-04-22 02:45:45,431 INFO PERFORMANCE:|2|2|1|-1|-1|4138|9

2023-04-22 02:45:45,431 INFO Task worker status: 
naming_0%8, pending tasks: 0
naming_1%8, pending tasks: 0
naming_2%8, pending tasks: 0
naming_3%8, pending tasks: 0
naming_4%8, pending tasks: 0
naming_5%8, pending tasks: 0
naming_6%8, pending tasks: 0
naming_7%8, pending tasks: 0


2023-04-22 02:45:45,431 INFO DISTRO:|0|0|0|

2023-04-22 02:46:45,432 INFO PERFORMANCE:|2|2|1|-1|-1|4138|9

2023-04-22 02:46:45,432 INFO Task worker status: 
naming_0%8, pending tasks: 0
naming_1%8, pending tasks: 0
naming_2%8, pending tasks: 0
naming_3%8, pending tasks: 0
naming_4%8, pending tasks: 0
naming_5%8, pending tasks: 0
naming_6%8, pending tasks: 0
naming_7%8, pending tasks: 0


2023-04-22 02:46:45,432 INFO DISTRO:|0|0|0|

2023-04-22 02:47:45,433 INFO PERFORMANCE:|2|2|1|-1|-1|4138|9

2023-04-22 02:47:45,433 INFO Task worker status: 
naming_0%8, pending tasks: 0
naming_1%8, pending tasks: 0
naming_2%8, pending tasks: 0
naming_3%8, pending tasks: 0
naming_4%8, pending tasks: 0
naming_5%8, pending tasks: 0
naming_6%8, pending tasks: 0
naming_7%8, pending tasks: 0


2023-04-22 02:47:45,433 INFO DISTRO:|0|0|0|

2023-04-22 02:48:45,433 INFO PERFORMANCE:|2|2|1|-1|-1|4138|9

2023-04-22 02:48:45,433 INFO Task worker status: 
naming_0%8, pending tasks: 0
naming_1%8, pending tasks: 0
naming_2%8, pending tasks: 0
naming_3%8, pending tasks: 0
naming_4%8, pending tasks: 0
naming_5%8, pending tasks: 0
naming_6%8, pending tasks: 0
naming_7%8, pending tasks: 0


2023-04-22 02:48:45,433 INFO DISTRO:|0|0|0|

2023-04-22 02:49:45,433 INFO PERFORMANCE:|2|2|1|-1|-1|4138|9

2023-04-22 02:49:45,433 INFO Task worker status: 
naming_0%8, pending tasks: 0
naming_1%8, pending tasks: 0
naming_2%8, pending tasks: 0
naming_3%8, pending tasks: 0
naming_4%8, pending tasks: 0
naming_5%8, pending tasks: 0
naming_6%8, pending tasks: 0
naming_7%8, pending tasks: 0


2023-04-22 02:49:45,433 INFO DISTRO:|0|0|0|

2023-04-22 02:50:45,434 INFO PERFORMANCE:|2|2|1|-1|-1|4138|9

2023-04-22 02:50:45,434 INFO Task worker status: 
naming_0%8, pending tasks: 0
naming_1%8, pending tasks: 0
naming_2%8, pending tasks: 0
naming_3%8, pending tasks: 0
naming_4%8, pending tasks: 0
naming_5%8, pending tasks: 0
naming_6%8, pending tasks: 0
naming_7%8, pending tasks: 0


2023-04-22 02:50:45,434 INFO DISTRO:|0|0|0|

2023-04-22 02:51:45,434 INFO PERFORMANCE:|2|2|1|-1|-1|4138|9

2023-04-22 02:51:45,434 INFO Task worker status: 
naming_0%8, pending tasks: 0
naming_1%8, pending tasks: 0
naming_2%8, pending tasks: 0
naming_3%8, pending tasks: 0
naming_4%8, pending tasks: 0
naming_5%8, pending tasks: 0
naming_6%8, pending tasks: 0
naming_7%8, pending tasks: 0


2023-04-22 02:51:45,434 INFO DISTRO:|0|0|0|

