2023-04-22 00:23:15,361 INFO Initializes the Raft protocol, raft-config info : {}

2023-04-22 00:23:15,892 INFO ========= The raft protocol is starting... =========

2023-04-22 00:23:15,919 INFO ========= The raft protocol start finished... =========

2023-04-22 00:23:15,936 INFO create raft group : naming_persistent_service_v2

2023-04-22 00:23:16,458 INFO snapshot start to load from : /home/nacos/data/protocol/raft/naming_persistent_service_v2/snapshot/snapshot_1

2023-04-22 00:23:16,477 INFO snapshot success to load from : /home/nacos/data/protocol/raft/naming_persistent_service_v2/snapshot/snapshot_1

2023-04-22 00:23:16,479 INFO This Raft event changes : RaftEvent{groupId='naming_persistent_service_v2', leader='null', term=null, raftClusterInfo=[fc8c6def88bb:7848]}

2023-04-22 00:23:16,604 INFO This Raft event changes : RaftEvent{groupId='naming_persistent_service_v2', leader='fc8c6def88bb:7848', term=3, raftClusterInfo=[fc8c6def88bb:7848]}

2023-04-22 00:23:16,611 INFO create raft group : naming_instance_metadata

2023-04-22 00:23:16,809 INFO This Raft event changes : RaftEvent{groupId='naming_instance_metadata', leader='null', term=null, raftClusterInfo=[fc8c6def88bb:7848]}

2023-04-22 00:23:16,841 INFO create raft group : naming_service_metadata

2023-04-22 00:23:17,094 INFO This Raft event changes : RaftEvent{groupId='naming_service_metadata', leader='null', term=null, raftClusterInfo=[fc8c6def88bb:7848]}

2023-04-22 00:23:17,110 INFO This Raft event changes : RaftEvent{groupId='naming_service_metadata', leader='fc8c6def88bb:7848', term=3, raftClusterInfo=[fc8c6def88bb:7848]}

2023-04-22 00:23:17,826 ERROR Failed to join the cluster, retry...

java.lang.IllegalStateException: Fail to get leader of group naming_persistent_service_v2
	at com.alipay.sofa.jraft.core.CliServiceImpl.getPeers(CliServiceImpl.java:631)
	at com.alipay.sofa.jraft.core.CliServiceImpl.getPeers(CliServiceImpl.java:524)
	at com.alibaba.nacos.core.distributed.raft.JRaftServer.registerSelfToCluster(JRaftServer.java:353)
	at com.alibaba.nacos.core.distributed.raft.JRaftServer.lambda$createMultiRaftGroup$0(JRaftServer.java:264)
	at java.util.concurrent.Executors$RunnableAdapter.call(Executors.java:511)
	at java.util.concurrent.FutureTask.run(FutureTask.java:266)
	at java.util.concurrent.ScheduledThreadPoolExecutor$ScheduledFutureTask.access$201(ScheduledThreadPoolExecutor.java:180)
	at java.util.concurrent.ScheduledThreadPoolExecutor$ScheduledFutureTask.run(ScheduledThreadPoolExecutor.java:293)
	at java.util.concurrent.ThreadPoolExecutor.runWorker(ThreadPoolExecutor.java:1149)
	at java.util.concurrent.ThreadPoolExecutor$Worker.run(ThreadPoolExecutor.java:624)
	at java.lang.Thread.run(Thread.java:750)
