2023-05-07 02:00:23,186 INFO Nacos GrpcSdkServer Rpc server stopping

2023-05-07 02:00:23,186 INFO Nacos GrpcClusterServer Rpc server stopping

2023-05-07 02:00:23,260 INFO Nacos GrpcClusterServer Rpc server stopped successfully...

2023-05-07 02:00:23,269 INFO Nacos GrpcSdkServer Rpc server stopped successfully...

2023-05-07 02:00:33,508 INFO [ClientConnectionEventListenerRegistry] registry listener - ConnectionBasedClientManager

2023-05-07 02:00:35,185 INFO [ClientConnectionEventListenerRegistry] registry listener - ConfigConnectionEventListener

2023-05-07 02:00:35,267 INFO [ClientConnectionEventListenerRegistry] registry listener - RpcAckCallbackInitorOrCleaner

2023-05-07 02:00:35,493 INFO Nacos GrpcSdkServer Rpc server starting at port 9848

2023-05-07 02:00:36,357 INFO Nacos GrpcSdkServer Rpc server started at port 9848

2023-05-07 02:00:36,360 INFO Nacos GrpcClusterServer Rpc server starting at port 9849

2023-05-07 02:00:36,363 INFO Nacos GrpcClusterServer Rpc server started at port 9849

2023-05-07 02:03:09,501 INFO Nacos GrpcClusterServer Rpc server stopping

2023-05-07 02:03:09,506 INFO Nacos GrpcSdkServer Rpc server stopping

2023-05-07 02:03:09,518 INFO Nacos GrpcSdkServer Rpc server stopped successfully...

2023-05-07 02:03:09,518 INFO Nacos GrpcClusterServer Rpc server stopped successfully...

2023-05-07 02:03:19,356 INFO [ClientConnectionEventListenerRegistry] registry listener - ConnectionBasedClientManager

2023-05-07 02:03:21,032 INFO [ClientConnectionEventListenerRegistry] registry listener - ConfigConnectionEventListener

2023-05-07 02:03:21,121 INFO [ClientConnectionEventListenerRegistry] registry listener - RpcAckCallbackInitorOrCleaner

2023-05-07 02:03:21,370 INFO Nacos GrpcSdkServer Rpc server starting at port 9848

2023-05-07 02:03:22,207 INFO Nacos GrpcSdkServer Rpc server started at port 9848

2023-05-07 02:03:22,211 INFO Nacos GrpcClusterServer Rpc server starting at port 9849

2023-05-07 02:03:22,228 INFO Nacos GrpcClusterServer Rpc server started at port 9849

2023-05-07 02:22:54,458 INFO Nacos GrpcClusterServer Rpc server stopping

2023-05-07 02:22:54,464 INFO Nacos GrpcClusterServer Rpc server stopped successfully...

2023-05-07 02:22:54,469 INFO Nacos GrpcSdkServer Rpc server stopping

2023-05-07 02:22:54,479 INFO Nacos GrpcSdkServer Rpc server stopped successfully...

