
  .   ____          _            __ _ _
 /\\ / ___'_ __ _ _(_)_ __  __ _ \ \ \ \
( ( )\___ | '_ | '_| | '_ \/ _` | \ \ \ \
 \\/  ___)| |_)| | | | | || (_| |  ) ) ) )
  '  |____| .__|_| |_|_| |_\__, | / / / /
 =========|_|==============|___/=/_/_/_/
 :: Spring Boot ::                (v2.6.8)

2023-04-12 13:31:43.384  INFO 34 --- [           main] o.a.shenyu.admin.ShenyuAdminBootstrap    : Starting ShenyuAdminBootstrap v2.5.0 using Java 1.8.0_212 on 099af90e262f with PID 34 (/opt/shenyu-admin/lib/shenyu-admin-2.5.0.jar started by root in /opt/shenyu-admin)
2023-04-12 13:31:43.388  INFO 34 --- [           main] o.a.shenyu.admin.ShenyuAdminBootstrap    : The following 1 profile is active: "mysql"
2023-04-12 13:31:46.771  INFO 34 --- [           main] .s.d.r.c.RepositoryConfigurationDelegate : Bootstrapping Spring Data LDAP repositories in DEFAULT mode.
2023-04-12 13:31:46.886  INFO 34 --- [           main] .s.d.r.c.RepositoryConfigurationDelegate : Finished Spring Data repository scanning in 90 ms. Found 0 LDAP repository interfaces.
2023-04-12 13:31:47.702  INFO 34 --- [           main] trationDelegate$BeanPostProcessorChecker : Bean 'shiroConfiguration' of type [org.apache.shenyu.admin.shiro.config.ShiroConfiguration$$EnhancerBySpringCGLIB$$867c1469] is not eligible for getting processed by all BeanPostProcessors (for example: not eligible for auto-proxying)
2023-04-12 13:31:47.900  INFO 34 --- [           main] o.s.aop.framework.CglibAopProxy          : Unable to proxy interface-implementing method [public final org.apache.shiro.authc.AuthenticationInfo org.apache.shiro.realm.AuthenticatingRealm.getAuthenticationInfo(org.apache.shiro.authc.AuthenticationToken) throws org.apache.shiro.authc.AuthenticationException] because it is marked as final: Consider using interface-based JDK proxies instead!
2023-04-12 13:31:47.900  INFO 34 --- [           main] o.s.aop.framework.CglibAopProxy          : Unable to proxy interface-implementing method [public final void org.apache.shiro.realm.AuthenticatingRealm.init()] because it is marked as final: Consider using interface-based JDK proxies instead!
2023-04-12 13:31:48.103  INFO 34 --- [           main] trationDelegate$BeanPostProcessorChecker : Bean 'shiroSecurityManager' of type [org.apache.shiro.web.mgt.DefaultWebSecurityManager] is not eligible for getting processed by all BeanPostProcessors (for example: not eligible for auto-proxying)
2023-04-12 13:31:48.190  INFO 34 --- [           main] trationDelegate$BeanPostProcessorChecker : Bean 'shiroProperties' of type [org.apache.shenyu.admin.config.properties.ShiroProperties] is not eligible for getting processed by all BeanPostProcessors (for example: not eligible for auto-proxying)
2023-04-12 13:31:48.305  INFO 34 --- [           main] trationDelegate$BeanPostProcessorChecker : Bean 'authorizationAttributeSourceAdvisor' of type [org.apache.shiro.spring.security.interceptor.AuthorizationAttributeSourceAdvisor] is not eligible for getting processed by all BeanPostProcessors (for example: not eligible for auto-proxying)
2023-04-12 13:31:48.840  INFO 34 --- [           main] trationDelegate$BeanPostProcessorChecker : Bean 'swaggerConfiguration' of type [org.apache.shenyu.admin.config.SwaggerConfiguration$$EnhancerBySpringCGLIB$$92d5222d] is not eligible for getting processed by all BeanPostProcessors (for example: not eligible for auto-proxying)
2023-04-12 13:31:48.852  WARN 34 --- [           main] ConfigServletWebServerApplicationContext : Exception encountered during context initialization - cancelling refresh attempt: org.springframework.beans.factory.BeanCreationException: Error creating bean with name 'shiroFilterFactoryBean' defined in class path resource [org/apache/shenyu/admin/shiro/config/ShiroConfiguration.class]: Bean instantiation via factory method failed; nested exception is org.springframework.beans.BeanInstantiationException: Failed to instantiate [org.apache.shiro.spring.web.ShiroFilterFactoryBean]: Factory method 'shiroFilterFactoryBean' threw exception; nested exception is java.lang.NullPointerException
2023-04-12 13:31:48.876  INFO 34 --- [           main] ConditionEvaluationReportLoggingListener : 

Error starting ApplicationContext. To display the conditions report re-run your application with 'debug' enabled.
2023-04-12 13:31:48.907 ERROR 34 --- [           main] o.s.boot.SpringApplication               : Application run failed

org.springframework.beans.factory.BeanCreationException: Error creating bean with name 'shiroFilterFactoryBean' defined in class path resource [org/apache/shenyu/admin/shiro/config/ShiroConfiguration.class]: Bean instantiation via factory method failed; nested exception is org.springframework.beans.BeanInstantiationException: Failed to instantiate [org.apache.shiro.spring.web.ShiroFilterFactoryBean]: Factory method 'shiroFilterFactoryBean' threw exception; nested exception is java.lang.NullPointerException
	at org.springframework.beans.factory.support.ConstructorResolver.instantiate(ConstructorResolver.java:658) ~[spring-beans-5.3.20.jar:5.3.20]
	at org.springframework.beans.factory.support.ConstructorResolver.instantiateUsingFactoryMethod(ConstructorResolver.java:638) ~[spring-beans-5.3.20.jar:5.3.20]
	at org.springframework.beans.factory.support.AbstractAutowireCapableBeanFactory.instantiateUsingFactoryMethod(AbstractAutowireCapableBeanFactory.java:1352) ~[spring-beans-5.3.20.jar:5.3.20]
	at org.springframework.beans.factory.support.AbstractAutowireCapableBeanFactory.createBeanInstance(AbstractAutowireCapableBeanFactory.java:1195) ~[spring-beans-5.3.20.jar:5.3.20]
	at org.springframework.beans.factory.support.AbstractAutowireCapableBeanFactory.doCreateBean(AbstractAutowireCapableBeanFactory.java:582) ~[spring-beans-5.3.20.jar:5.3.20]
	at org.springframework.beans.factory.support.AbstractAutowireCapableBeanFactory.createBean(AbstractAutowireCapableBeanFactory.java:542) ~[spring-beans-5.3.20.jar:5.3.20]
	at org.springframework.beans.factory.support.AbstractBeanFactory.lambda$doGetBean$0(AbstractBeanFactory.java:335) ~[spring-beans-5.3.20.jar:5.3.20]
	at org.springframework.beans.factory.support.DefaultSingletonBeanRegistry.getSingleton(DefaultSingletonBeanRegistry.java:234) ~[spring-beans-5.3.20.jar:5.3.20]
	at org.springframework.beans.factory.support.AbstractBeanFactory.doGetBean(AbstractBeanFactory.java:333) ~[spring-beans-5.3.20.jar:5.3.20]
	at org.springframework.beans.factory.support.AbstractBeanFactory.getBean(AbstractBeanFactory.java:213) ~[spring-beans-5.3.20.jar:5.3.20]
	at org.springframework.context.support.PostProcessorRegistrationDelegate.registerBeanPostProcessors(PostProcessorRegistrationDelegate.java:270) ~[spring-context-5.3.20.jar:5.3.20]
	at org.springframework.context.support.AbstractApplicationContext.registerBeanPostProcessors(AbstractApplicationContext.java:762) ~[spring-context-5.3.20.jar:5.3.20]
	at org.springframework.context.support.AbstractApplicationContext.refresh(AbstractApplicationContext.java:567) ~[spring-context-5.3.20.jar:5.3.20]
	at org.springframework.boot.web.servlet.context.ServletWebServerApplicationContext.refresh(ServletWebServerApplicationContext.java:145) ~[spring-boot-2.6.8.jar:2.6.8]
	at org.springframework.boot.SpringApplication.refresh(SpringApplication.java:745) [spring-boot-2.6.8.jar:2.6.8]
	at org.springframework.boot.SpringApplication.refreshContext(SpringApplication.java:420) [spring-boot-2.6.8.jar:2.6.8]
	at org.springframework.boot.SpringApplication.run(SpringApplication.java:307) [spring-boot-2.6.8.jar:2.6.8]
	at org.springframework.boot.SpringApplication.run(SpringApplication.java:1317) [spring-boot-2.6.8.jar:2.6.8]
	at org.springframework.boot.SpringApplication.run(SpringApplication.java:1306) [spring-boot-2.6.8.jar:2.6.8]
	at org.apache.shenyu.admin.ShenyuAdminBootstrap.main(ShenyuAdminBootstrap.java:36) [shenyu-admin-2.5.0.jar:2.5.0]
Caused by: org.springframework.beans.BeanInstantiationException: Failed to instantiate [org.apache.shiro.spring.web.ShiroFilterFactoryBean]: Factory method 'shiroFilterFactoryBean' threw exception; nested exception is java.lang.NullPointerException
	at org.springframework.beans.factory.support.SimpleInstantiationStrategy.instantiate(SimpleInstantiationStrategy.java:185) ~[spring-beans-5.3.20.jar:5.3.20]
	at org.springframework.beans.factory.support.ConstructorResolver.instantiate(ConstructorResolver.java:653) ~[spring-beans-5.3.20.jar:5.3.20]
	... 19 common frames omitted
Caused by: java.lang.NullPointerException: null
	at org.apache.shenyu.admin.shiro.config.ShiroConfiguration.shiroFilterFactoryBean(ShiroConfiguration.java:75) ~[shenyu-admin-2.5.0.jar:2.5.0]
	at org.apache.shenyu.admin.shiro.config.ShiroConfiguration$$EnhancerBySpringCGLIB$$867c1469.CGLIB$shiroFilterFactoryBean$3(<generated>) ~[shenyu-admin-2.5.0.jar:2.5.0]
	at org.apache.shenyu.admin.shiro.config.ShiroConfiguration$$EnhancerBySpringCGLIB$$867c1469$$FastClassBySpringCGLIB$$8d239b52.invoke(<generated>) ~[shenyu-admin-2.5.0.jar:2.5.0]
	at org.springframework.cglib.proxy.MethodProxy.invokeSuper(MethodProxy.java:244) ~[spring-core-5.3.20.jar:5.3.20]
	at org.springframework.context.annotation.ConfigurationClassEnhancer$BeanMethodInterceptor.intercept(ConfigurationClassEnhancer.java:331) ~[spring-context-5.3.20.jar:5.3.20]
	at org.apache.shenyu.admin.shiro.config.ShiroConfiguration$$EnhancerBySpringCGLIB$$867c1469.shiroFilterFactoryBean(<generated>) ~[shenyu-admin-2.5.0.jar:2.5.0]
	at sun.reflect.NativeMethodAccessorImpl.invoke0(Native Method) ~[na:1.8.0_212]
	at sun.reflect.NativeMethodAccessorImpl.invoke(NativeMethodAccessorImpl.java:62) ~[na:1.8.0_212]
	at sun.reflect.DelegatingMethodAccessorImpl.invoke(DelegatingMethodAccessorImpl.java:43) ~[na:1.8.0_212]
	at java.lang.reflect.Method.invoke(Method.java:498) ~[na:1.8.0_212]
	at org.springframework.beans.factory.support.SimpleInstantiationStrategy.instantiate(SimpleInstantiationStrategy.java:154) ~[spring-beans-5.3.20.jar:5.3.20]
	... 20 common frames omitted

